#
# A fatal error has been detected by the Java Runtime Environment:
#
#  EXCEPTION_ACCESS_VIOLATION (0xc0000005) at pc=0x00007ffc5405bffa, pid=4648, tid=5124
#
# JRE version: OpenJDK Runtime Environment (17.0.1+12) (build 17.0.1+12-39)
# Java VM: OpenJDK 64-Bit Server VM (17.0.1+12-39, mixed mode, sharing, tiered, compressed oops, compressed class ptrs, g1 gc, windows-amd64)
# Problematic frame:
# V  [jvm.dll+0x73bffa]
#
# No core dump will be written. Minidumps are not enabled by default on client versions of Windows
#
# If you would like to submit a bug report, please visit:
#   https://bugreport.java.com/bugreport/crash.jsp
#

---------------  S U M M A R Y ------------

Command Line: -XX:+ShowCodeDetailsInExceptionMessages -agentlib:jdwp=transport=dt_socket,suspend=y,address=localhost:54792 -javaagent:C:\Users\carlos.moretti\eclipse\java-2023-06\eclipse\configuration\org.eclipse.osgi\248\0\.cp\lib\javaagent-shaded.jar -Dfile.encoding=UTF-8 com.br.anunciazo.application.Application

Host: Intel(R) Core(TM) i5-6300U CPU @ 2.40GHz, 4 cores, 15G,  Windows 10 , 64 bit Build 19041 (10.0.19041.3393)
Time: Tue Oct 10 12:43:49 2023 Hora oficial do Brasil elapsed time: 1548.518961 seconds (0d 0h 25m 48s)

---------------  T H R E A D  ---------------

Current thread (0x0000020efe16dbc0):  JavaThread "JDWP Transport Listener: dt_socket" daemon [_thread_in_vm, id=5124, stack(0x000000c01ba00000,0x000000c01bb00000)]

Stack: [0x000000c01ba00000,0x000000c01bb00000],  sp=0x000000c01baff6d0,  free space=1021k
Native frames: (J=compiled Java code, j=interpreted, Vv=VM code, C=native code)
V  [jvm.dll+0x73bffa]
V  [jvm.dll+0x50483c]
V  [jvm.dll+0x4d0154]
C  [jdwp.dll+0x22e9f]


siginfo: EXCEPTION_ACCESS_VIOLATION (0xc0000005), reading address 0x0000000000ad0057


Register to memory mapping:

RIP=0x00007ffc5405bffa jvm.dll
RAX=0x00000000000000ae is an unknown value
RBX=0x0000020efd51fa47 points into unknown readable memory: 4c
RCX=0x0000000000ad0053 is an unknown value
RDX=0x0000020e98c6ff10 points into unknown readable memory: 0x2f72622f6d6f634c | 4c 63 6f 6d 2f 62 72 2f
RSP=0x000000c01baff6d0 is pointing into the stack for thread: 0x0000020efe16dbc0
RBP=0x0000020efe19fba0 points into unknown readable memory: 0x004b005400000002 | 02 00 00 00 54 00 4b 00
RSI=0x0 is NULL
RDI=0xffffffffffffffff is an unknown value
R8 =0x000000000000025b is an unknown value
R9 =0x0000000000000040 is an unknown value
R10=0x0000000000000240 is an unknown value
R11=0x000000c01baff6f0 is pointing into the stack for thread: 0x0000020efe16dbc0
R12=0x000000c01baff828 is pointing into the stack for thread: 0x0000020efe16dbc0
R13=0x0 is NULL
R14=0x0000000801607a48 is a pointer to class: 
com.br.anunciazo.application.controller.restrito.AnuncioController$1 {0x0000000801607a50}
 - instance size:     3
 - klass size:        73
 - access:            synchronized 
 - state:             fully_initialized
 - name:              'com/br/anunciazo/application/controller/restrito/AnuncioController$1'
 - super:             'java/lang/Object'
 - sub:               
 - arrays:            NULL
 - methods:           Array<T>(0x0000020e9b172a28)
 - method ordering:   Array<T>(0x0000020e9b24f1f8)
 - default_methods:   Array<T>(0x0000020e9b24c778)
 - default vtable indices:   Array<T>(0x0000020e9b24c790)
 - local interfaces:  Array<T>(0x0000020e9b24c5a8)
 - trans. interfaces: Array<T>(0x0000020e9b24c750)
 - constants:         constant pool [187] {0x0000020e9b262158} for 'com/br/anunciazo/application/controller/restrito/AnuncioController$1' cache=0x0000020e9b260f58
 - class loader data:  loader data: 0x0000020e9499b640 for instance a 'org/springframework/boot/devtools/restart/classloader/RestartClassLoader'{0x00000007036972b8}
 - source file:       'AnuncioController.java'
 - source debug extension:       SMAP
AnuncioController.java
Java
*S jdt
*F
1 AnuncioController.java
2 file:/C:/Users/carlos.moretti/Documents/Projetos%20Pessoais/backend/application/application/target/classes/
*L
*E

 - class annotations:       Array<T>(0x0000000000000000)
 - class type annotations:  Array<T>(0x0000000000000000)
 - field annotations:       Array<T>(0x0000000000000000)
 - field type annotations:  Array<T>(0x0000000000000000)
 - generic signature: '
[error occurred during error reporting (printing register info), id 0xc0000005, EXCEPTION_ACCESS_VIOLATION (0xc0000005) at pc=0x00007ffc5405cc06]

Registers:
RAX=0x00000000000000ae, RBX=0x0000020efd51fa47, RCX=0x0000000000ad0053, RDX=0x0000020e98c6ff10
RSP=0x000000c01baff6d0, RBP=0x0000020efe19fba0, RSI=0x0000000000000000, RDI=0xffffffffffffffff
R8 =0x000000000000025b, R9 =0x0000000000000040, R10=0x0000000000000240, R11=0x000000c01baff6f0
R12=0x000000c01baff828, R13=0x0000000000000000, R14=0x0000000801607a48, R15=0x000000c01baff850
RIP=0x00007ffc5405bffa, EFLAGS=0x0000000000010202

Top of Stack: (sp=0x000000c01baff6d0)
0x000000c01baff6d0:   0000000000000044 0000000801607a48
0x000000c01baff6e0:   0000020eff8b3d60 00007ffcc45747b1
0x000000c01baff6f0:   ffffffffffffffff 00007ffc53e2483c
0x000000c01baff700:   0000020efd51fa47 0000020efd51fa00
0x000000c01baff710:   0000020efe19fba0 0000000000000000
0x000000c01baff720:   0000020efd51f9a0 00000000000003d8
0x000000c01baff730:   0000020efd51f9b0 0000020efd51fd88
0x000000c01baff740:   000000000001c801 000000c01baff828
0x000000c01baff750:   0000000000000007 0000020efe16de68
0x000000c01baff760:   0000000703c9cb88 00007ffc53df0154
0x000000c01baff770:   0000020efe16dbc0 000000c01baff850
0x000000c01baff780:   0000020eea0e17d0 000000c01baff850
0x000000c01baff790:   0000020efe16dbc0 0000000000000000
0x000000c01baff7a0:   0000000000000000 0000000000000000
0x000000c01baff7b0:   0000020efe1e61a8 00007ffcb8222e9f
0x000000c01baff7c0:   000000c01baff848 00007ffcb8231830 

Instructions: (pc=0x00007ffc5405bffa)
0x00007ffc5405befa:   48 83 c4 20 5f e9 cc 86 96 ff cc cc cc cc cc cc
0x00007ffc5405bf0a:   cc cc cc cc cc cc 48 89 5c 24 08 57 48 83 ec 20
0x00007ffc5405bf1a:   83 fa 02 8d 42 06 b9 08 00 00 00 49 8b d8 0f 4e
0x00007ffc5405bf2a:   c1 48 63 c8 48 83 c1 07 83 e1 f8 48 63 f9 49 8b
0x00007ffc5405bf3a:   48 18 48 8b c7 48 f7 d0 48 3b c1 73 16 4c 8d 05
0x00007ffc5405bf4a:   5a 47 17 00 48 8b d7 48 8b cb e8 d7 e9 96 ff 48
0x00007ffc5405bf5a:   8b 4b 18 48 8d 04 39 48 3b 43 20 76 18 45 33 c0
0x00007ffc5405bf6a:   48 8b d7 48 8b cb 48 8b 5c 24 30 48 83 c4 20 5f
0x00007ffc5405bf7a:   e9 31 e6 96 ff 48 89 43 18 48 8b c1 48 8b 5c 24
0x00007ffc5405bf8a:   30 48 83 c4 20 5f c3 cc cc cc cc cc cc cc cc cc
0x00007ffc5405bf9a:   cc cc cc cc cc cc 4c 8b d2 4c 8b d9 45 85 c0 7e
0x00007ffc5405bfaa:   3c 44 0f b7 49 04 41 8d 40 ff 41 3b c1 44 0f 4c
0x00007ffc5405bfba:   c8 4d 63 c1 45 85 c9 7e 1f 48 8b c2 4c 2b da 49
0x00007ffc5405bfca:   8b d0 0f 1f 40 00 41 0f b6 4c 03 06 88 08 48 8d
0x00007ffc5405bfda:   40 01 48 83 ea 01 75 ee 43 c6 04 10 00 49 8b c2
0x00007ffc5405bfea:   c3 cc cc cc cc cc 48 89 5c 24 08 57 48 83 ec 20
0x00007ffc5405bffa:   0f b7 59 04 48 8b f9 33 d2 48 8d 4b 01 e8 14 9b
0x00007ffc5405c00a:   f8 ff 0f b7 57 04 4c 8b c0 3b da 0f 42 d3 44 8b
0x00007ffc5405c01a:   ca 85 d2 74 39 48 2b f8 0f 1f 40 00 66 66 0f 1f
0x00007ffc5405c02a:   84 00 00 00 00 00 0f b6 4c 07 06 88 08 48 ff c0
0x00007ffc5405c03a:   48 8b c8 49 2b c8 49 3b c9 7c eb 42 c6 04 02 00
0x00007ffc5405c04a:   49 8b c0 48 8b 5c 24 30 48 83 c4 20 5f c3 48 8b
0x00007ffc5405c05a:   5c 24 30 c6 04 02 00 48 83 c4 20 5f c3 cc cc cc
0x00007ffc5405c06a:   cc cc cc cc cc cc 4c 8b d1 45 85 c0 7e 6c 44 0f
0x00007ffc5405c07a:   b7 49 04 41 8d 40 ff 41 3b c1 44 0f 4c c8 4d 63
0x00007ffc5405c08a:   d9 45 85 c9 7e 22 48 8b ca 4c 2b d2 4d 8b c3 0f
0x00007ffc5405c09a:   1f 80 00 00 00 00 41 0f b6 44 0a 06 88 01 48 8d
0x00007ffc5405c0aa:   49 01 49 83 e8 01 75 ee 41 c6 04 13 00 48 c7 c0
0x00007ffc5405c0ba:   ff ff ff ff 66 90 48 ff c0 80 3c 02 00 75 f7 48
0x00007ffc5405c0ca:   63 c8 85 c0 48 8b c2 7e 14 80 38 2f 75 03 c6 00
0x00007ffc5405c0da:   2e 48 ff c0 48 83 e9 01 75 ef 48 8b c2 c3 cc cc
0x00007ffc5405c0ea:   cc cc cc cc cc cc 48 83 ec 28 e8 f7 fe ff ff 4c 


Stack slot to memory mapping:
stack at sp + 0 slots: 0x0000000000000044 is an unknown value
stack at sp + 1 slots: 0x0000000801607a48 is a pointer to class: 
com.br.anunciazo.application.controller.restrito.AnuncioController$1 {0x0000000801607a50}
 - instance size:     3
 - klass size:        73
 - access:            synchronized 
 - state:             fully_initialized
 - name:              'com/br/anunciazo/application/controller/restrito/AnuncioController$1'
 - super:             'java/lang/Object'
 - sub:               
 - arrays:            NULL
 - methods:           Array<T>(0x0000020e9b172a28)
 - method ordering:   Array<T>(0x0000020e9b24f1f8)
 - default_methods:   Array<T>(0x0000020e9b24c778)
 - default vtable indices:   Array<T>(0x0000020e9b24c790)
 - local interfaces:  Array<T>(0x0000020e9b24c5a8)
 - trans. interfaces: Array<T>(0x0000020e9b24c750)
 - constants:         constant pool [187] {0x0000020e9b262158} for 'com/br/anunciazo/application/controller/restrito/AnuncioController$1' cache=0x0000020e9b260f58
 - class loader data:  loader data: 0x0000020e9499b640 for instance a 'org/springframework/boot/devtools/restart/classloader/RestartClassLoader'{0x00000007036972b8}
 - source file:       'AnuncioController.java'
 - source debug extension:       SMAP
AnuncioController.java
Java
*S jdt
*F
1 AnuncioController.java
2 file:/C:/Users/carlos.moretti/Documents/Projetos%20Pessoais/backend/application/application/target/classes/
*L
*E

 - class annotations:       Array<T>(0x0000000000000000)
 - class type annotations:  Array<T>(0x0000000000000000)
 - field annotations:       Array<T>(0x0000000000000000)
 - field type annotations:  Array<T>(0x0000000000000000)
 - generic signature: '
[error occurred during error reporting (inspecting top of stack), id 0xc0000005, EXCEPTION_ACCESS_VIOLATION (0xc0000005) at pc=0x00007ffc5405cc06]


---------------  P R O C E S S  ---------------

Threads class SMR info:
_java_thread_list=0x0000020e90937120, length=34, elements={
0x0000020efd4da670, 0x0000020efd4db620, 0x0000020efd4ea2a0, 0x0000020efd4ebe60,
0x0000020efd4ee820, 0x0000020efd4ef1d0, 0x0000020efd4efeb0, 0x0000020efd504580,
0x0000020efe030020, 0x0000020efd4c5cf0, 0x0000020efe16dbc0, 0x0000020efe1c5ce0,
0x0000020efe1c69e0, 0x0000020efe2cbab0, 0x0000020e91c03920, 0x0000020e99325450,
0x0000020eff450a60, 0x0000020eff44f720, 0x0000020eff44aef0, 0x0000020eff44e8b0,
0x0000020eff44e3e0, 0x0000020eff44b890, 0x0000020eff44ed80, 0x0000020eff44bd60,
0x0000020eff44c230, 0x0000020eff44fbf0, 0x0000020eff44d570, 0x0000020eff450f30,
0x0000020eff44a550, 0x0000020eff44aa20, 0x0000020eff44c700, 0x0000020eff44cbd0,
0x0000020eff44da40, 0x0000020e99321a90
}

Java Threads: ( => current thread )
  0x0000020efd4da670 JavaThread "Reference Handler" daemon [_thread_blocked, id=22476, stack(0x000000c01b000000,0x000000c01b100000)]
  0x0000020efd4db620 JavaThread "Finalizer" daemon [_thread_blocked, id=5212, stack(0x000000c01b100000,0x000000c01b200000)]
  0x0000020efd4ea2a0 JavaThread "Signal Dispatcher" daemon [_thread_blocked, id=20352, stack(0x000000c01b200000,0x000000c01b300000)]
  0x0000020efd4ebe60 JavaThread "Attach Listener" daemon [_thread_blocked, id=19252, stack(0x000000c01b300000,0x000000c01b400000)]
  0x0000020efd4ee820 JavaThread "Service Thread" daemon [_thread_blocked, id=19916, stack(0x000000c01b400000,0x000000c01b500000)]
  0x0000020efd4ef1d0 JavaThread "Monitor Deflation Thread" daemon [_thread_blocked, id=20288, stack(0x000000c01b500000,0x000000c01b600000)]
  0x0000020efd4efeb0 JavaThread "C2 CompilerThread0" daemon [_thread_blocked, id=13724, stack(0x000000c01b600000,0x000000c01b700000)]
  0x0000020efd504580 JavaThread "C1 CompilerThread0" daemon [_thread_blocked, id=4628, stack(0x000000c01b700000,0x000000c01b800000)]
  0x0000020efe030020 JavaThread "Sweeper thread" daemon [_thread_blocked, id=22992, stack(0x000000c01b800000,0x000000c01b900000)]
  0x0000020efd4c5cf0 JavaThread "Common-Cleaner" daemon [_thread_blocked, id=10852, stack(0x000000c01b900000,0x000000c01ba00000)]
=>0x0000020efe16dbc0 JavaThread "JDWP Transport Listener: dt_socket" daemon [_thread_in_vm, id=5124, stack(0x000000c01ba00000,0x000000c01bb00000)]
  0x0000020efe1c5ce0 JavaThread "JDWP Event Helper Thread" daemon [_thread_blocked, id=5392, stack(0x000000c01bb00000,0x000000c01bc00000)]
  0x0000020efe1c69e0 JavaThread "JDWP Command Reader" daemon [_thread_in_native, id=18348, stack(0x000000c01bc00000,0x000000c01bd00000)]
  0x0000020efe2cbab0 JavaThread "Notification Thread" daemon [_thread_blocked, id=5752, stack(0x000000c01be00000,0x000000c01bf00000)]
  0x0000020e91c03920 JavaThread "Live Reload Server" daemon [_thread_in_native, id=16664, stack(0x000000c01cf00000,0x000000c01d000000)]
  0x0000020e99325450 JavaThread "DestroyJavaVM" [_thread_blocked, id=5884, stack(0x000000c01a900000,0x000000c01aa00000)]
  0x0000020eff450a60 JavaThread "Catalina-utility-1" [_thread_blocked, id=10148, stack(0x000000c01c600000,0x000000c01c700000)]
  0x0000020eff44f720 JavaThread "Catalina-utility-2" [_thread_blocked, id=12984, stack(0x000000c01c700000,0x000000c01c800000)]
  0x0000020eff44aef0 JavaThread "container-0" [_thread_blocked, id=17148, stack(0x000000c01c800000,0x000000c01c900000)]
  0x0000020eff44e8b0 JavaThread "mssql-jdbc-shared-timer-core-8" daemon [_thread_blocked, id=10620, stack(0x000000c01c900000,0x000000c01ca00000)]
  0x0000020eff44e3e0 JavaThread "HikariPool-9 housekeeper" daemon [_thread_blocked, id=4472, stack(0x000000c01ca00000,0x000000c01cb00000)]
  0x0000020eff44b890 JavaThread "File Watcher" daemon [_thread_blocked, id=5500, stack(0x000000c01c400000,0x000000c01c500000)]
  0x0000020eff44ed80 JavaThread "http-nio-8080-exec-1" daemon [_thread_blocked, id=15224, stack(0x000000c01cc00000,0x000000c01cd00000)]
  0x0000020eff44bd60 JavaThread "http-nio-8080-exec-2" daemon [_thread_blocked, id=4232, stack(0x000000c01cd00000,0x000000c01ce00000)]
  0x0000020eff44c230 JavaThread "http-nio-8080-exec-3" daemon [_thread_blocked, id=22960, stack(0x000000c01ce00000,0x000000c01cf00000)]
  0x0000020eff44fbf0 JavaThread "http-nio-8080-exec-4" daemon [_thread_blocked, id=22892, stack(0x000000c01d000000,0x000000c01d100000)]
  0x0000020eff44d570 JavaThread "http-nio-8080-exec-5" daemon [_thread_blocked, id=15376, stack(0x000000c01d100000,0x000000c01d200000)]
  0x0000020eff450f30 JavaThread "http-nio-8080-exec-6" daemon [_thread_blocked, id=5340, stack(0x000000c01d200000,0x000000c01d300000)]
  0x0000020eff44a550 JavaThread "http-nio-8080-exec-7" daemon [_thread_blocked, id=22200, stack(0x000000c01d300000,0x000000c01d400000)]
  0x0000020eff44aa20 JavaThread "http-nio-8080-exec-8" daemon [_thread_blocked, id=14508, stack(0x000000c01d400000,0x000000c01d500000)]
  0x0000020eff44c700 JavaThread "http-nio-8080-exec-9" daemon [_thread_blocked, id=22192, stack(0x000000c01d500000,0x000000c01d600000)]
  0x0000020eff44cbd0 JavaThread "http-nio-8080-exec-10" daemon [_thread_blocked, id=6156, stack(0x000000c01d600000,0x000000c01d700000)]
  0x0000020eff44da40 JavaThread "http-nio-8080-Poller" daemon [_thread_in_native, id=17204, stack(0x000000c01d700000,0x000000c01d800000)]
  0x0000020e99321a90 JavaThread "http-nio-8080-Acceptor" daemon [_thread_in_native, id=1716, stack(0x000000c01d800000,0x000000c01d900000)]

Other Threads:
  0x0000020efd4d61c0 VMThread "VM Thread" [stack: 0x000000c01af00000,0x000000c01b000000] [id=14492]
  0x0000020eea0f54d0 WatcherThread [stack: 0x000000c01bf00000,0x000000c01c000000] [id=22804]
  0x0000020eea143ae0 GCTaskThread "GC Thread#0" [stack: 0x000000c01aa00000,0x000000c01ab00000] [id=13784]
  0x0000020efe9708a0 GCTaskThread "GC Thread#1" [stack: 0x000000c01c000000,0x000000c01c100000] [id=5104]
  0x0000020efeb7f570 GCTaskThread "GC Thread#2" [stack: 0x000000c01c100000,0x000000c01c200000] [id=19720]
  0x0000020efeb7f820 GCTaskThread "GC Thread#3" [stack: 0x000000c01c200000,0x000000c01c300000] [id=22220]
  0x0000020eea155000 ConcurrentGCThread "G1 Main Marker" [stack: 0x000000c01ab00000,0x000000c01ac00000] [id=7956]
  0x0000020eea155a10 ConcurrentGCThread "G1 Conc#0" [stack: 0x000000c01ac00000,0x000000c01ad00000] [id=23344]
  0x0000020eea1bdb40 ConcurrentGCThread "G1 Refine#0" [stack: 0x000000c01ad00000,0x000000c01ae00000] [id=13828]
  0x0000020e98f976b0 ConcurrentGCThread "G1 Refine#1" [stack: 0x000000c01a600000,0x000000c01a700000] [id=10596]
  0x0000020eea1be560 ConcurrentGCThread "G1 Service" [stack: 0x000000c01ae00000,0x000000c01af00000] [id=20324]

Threads with active compile tasks:

VM state: not at safepoint (normal execution)

VM Mutex/Monitor currently owned by a thread: None

Heap address: 0x0000000701c00000, size: 4068 MB, Compressed Oops mode: Zero based, Oop shift amount: 3

CDS archive(s) mapped at: [0x0000000800000000-0x0000000800bc0000-0x0000000800bc0000), size 12320768, SharedBaseAddress: 0x0000000800000000, ArchiveRelocationMode: 0.
Compressed class space mapped at: 0x0000000800c00000-0x0000000840c00000, reserved size: 1073741824
Narrow klass base: 0x0000000800000000, Narrow klass shift: 0, Narrow klass range: 0x100000000

GC Precious Log:
 CPUs: 4 total, 4 available
 Memory: 16264M
 Large Page Support: Disabled
 NUMA Support: Disabled
 Compressed Oops: Enabled (Zero based)
 Heap Region Size: 2M
 Heap Min Capacity: 8M
 Heap Initial Capacity: 256M
 Heap Max Capacity: 4068M
 Pre-touch: Disabled
 Parallel Workers: 4
 Concurrent Workers: 1
 Concurrent Refinement Workers: 4
 Periodic GC: Disabled

Heap:
 garbage-first heap   total 147456K, used 108123K [0x0000000701c00000, 0x0000000800000000)
  region size 2048K, 28 young (57344K), 2 survivors (4096K)
 Metaspace       used 81882K, committed 82752K, reserved 1122304K
  class space    used 10189K, committed 10624K, reserved 1048576K

Heap Regions: E=young(eden), S=young(survivor), O=old, HS=humongous(starts), HC=humongous(continues), CS=collection set, F=free, OA=open archive, CA=closed archive, TAMS=top-at-mark-start (previous, next)
|   0|0x0000000701c00000, 0x0000000701e00000, 0x0000000701e00000|100%| O|  |TAMS 0x0000000701e00000, 0x0000000701c00000| Untracked 
|   1|0x0000000701e00000, 0x0000000701ffffe0, 0x0000000702000000| 99%| O|  |TAMS 0x0000000701ffffe0, 0x0000000701e00000| Untracked 
|   2|0x0000000702000000, 0x00000007021fffd8, 0x0000000702200000| 99%| O|  |TAMS 0x00000007021fffd8, 0x0000000702000000| Untracked 
|   3|0x0000000702200000, 0x00000007023fffb8, 0x0000000702400000| 99%| O|  |TAMS 0x00000007023fffb8, 0x0000000702200000| Untracked 
|   4|0x0000000702400000, 0x00000007025ffff8, 0x0000000702600000| 99%| O|  |TAMS 0x00000007025ffff8, 0x0000000702400000| Untracked 
|   5|0x0000000702600000, 0x00000007027ffe10, 0x0000000702800000| 99%| O|  |TAMS 0x00000007027ffe10, 0x0000000702600000| Untracked 
|   6|0x0000000702800000, 0x00000007029fffb8, 0x0000000702a00000| 99%| O|  |TAMS 0x00000007029fffb8, 0x0000000702800000| Untracked 
|   7|0x0000000702a00000, 0x0000000702c00000, 0x0000000702c00000|100%| O|  |TAMS 0x0000000702c00000, 0x0000000702a00000| Untracked 
|   8|0x0000000702c00000, 0x0000000702dffff8, 0x0000000702e00000| 99%| O|  |TAMS 0x0000000702dffff8, 0x0000000702c00000| Untracked 
|   9|0x0000000702e00000, 0x0000000702fffff0, 0x0000000703000000| 99%| O|  |TAMS 0x0000000702fffff0, 0x0000000702e00000| Untracked 
|  10|0x0000000703000000, 0x00000007031ffff8, 0x0000000703200000| 99%| O|  |TAMS 0x00000007031ffff8, 0x0000000703000000| Untracked 
|  11|0x0000000703200000, 0x00000007033ffff0, 0x0000000703400000| 99%| O|  |TAMS 0x00000007033ffff0, 0x0000000703200000| Untracked 
|  12|0x0000000703400000, 0x00000007035fffc0, 0x0000000703600000| 99%| O|  |TAMS 0x00000007035fffc0, 0x0000000703400000| Untracked 
|  13|0x0000000703600000, 0x00000007037ffff0, 0x0000000703800000| 99%| O|  |TAMS 0x00000007037ffff0, 0x0000000703600000| Untracked 
|  14|0x0000000703800000, 0x00000007039ffff8, 0x0000000703a00000| 99%| O|  |TAMS 0x00000007039ffff8, 0x0000000703800000| Untracked 
|  15|0x0000000703a00000, 0x0000000703bfffb0, 0x0000000703c00000| 99%| O|  |TAMS 0x0000000703bfffb0, 0x0000000703a00000| Untracked 
|  16|0x0000000703c00000, 0x0000000703e00000, 0x0000000703e00000|100%| O|  |TAMS 0x0000000703e00000, 0x0000000703c00000| Untracked 
|  17|0x0000000703e00000, 0x0000000703fffff8, 0x0000000704000000| 99%| O|  |TAMS 0x0000000703fffff8, 0x0000000703e00000| Untracked 
|  18|0x0000000704000000, 0x00000007041ffff8, 0x0000000704200000| 99%| O|  |TAMS 0x00000007041ffff8, 0x0000000704000000| Untracked 
|  19|0x0000000704200000, 0x00000007043fffe8, 0x0000000704400000| 99%| O|  |TAMS 0x00000007043fffe8, 0x0000000704200000| Untracked 
|  20|0x0000000704400000, 0x00000007045fffe0, 0x0000000704600000| 99%| O|  |TAMS 0x00000007045fffe0, 0x0000000704400000| Untracked 
|  21|0x0000000704600000, 0x00000007047fffc0, 0x0000000704800000| 99%| O|  |TAMS 0x00000007047fffc0, 0x0000000704600000| Untracked 
|  22|0x0000000704800000, 0x00000007049c7ee0, 0x0000000704a00000| 89%| O|  |TAMS 0x00000007049c7ee0, 0x0000000704800000| Untracked 
|  23|0x0000000704a00000, 0x0000000704bffaa8, 0x0000000704c00000| 99%| O|  |TAMS 0x0000000704bffaa8, 0x0000000704a00000| Untracked 
|  24|0x0000000704c00000, 0x0000000704e00000, 0x0000000704e00000|100%| O|  |TAMS 0x0000000704c00000, 0x0000000704c00000| Untracked 
|  25|0x0000000704e00000, 0x0000000704eef250, 0x0000000705000000| 46%| O|  |TAMS 0x0000000704eef250, 0x0000000704e00000| Untracked 
|  26|0x0000000705000000, 0x00000007050d4660, 0x0000000705200000| 41%| O|  |TAMS 0x00000007050d4660, 0x0000000705000000| Untracked 
|  27|0x0000000705200000, 0x000000070531ca00, 0x0000000705400000| 55%| O|  |TAMS 0x0000000705200000, 0x0000000705200000| Untracked 
|  28|0x0000000705400000, 0x0000000705400000, 0x0000000705600000|  0%| F|  |TAMS 0x0000000705400000, 0x0000000705400000| Untracked 
|  29|0x0000000705600000, 0x0000000705600000, 0x0000000705800000|  0%| F|  |TAMS 0x0000000705600000, 0x0000000705600000| Untracked 
|  30|0x0000000705800000, 0x0000000705800000, 0x0000000705a00000|  0%| F|  |TAMS 0x0000000705800000, 0x0000000705800000| Untracked 
|  31|0x0000000705a00000, 0x0000000705a00000, 0x0000000705c00000|  0%| F|  |TAMS 0x0000000705a00000, 0x0000000705a00000| Untracked 
|  32|0x0000000705c00000, 0x0000000705c00000, 0x0000000705e00000|  0%| F|  |TAMS 0x0000000705c00000, 0x0000000705c00000| Untracked 
|  33|0x0000000705e00000, 0x0000000705e00000, 0x0000000706000000|  0%| F|  |TAMS 0x0000000705e00000, 0x0000000705e00000| Untracked 
|  34|0x0000000706000000, 0x0000000706000000, 0x0000000706200000|  0%| F|  |TAMS 0x0000000706000000, 0x0000000706000000| Untracked 
|  35|0x0000000706200000, 0x0000000706200000, 0x0000000706400000|  0%| F|  |TAMS 0x0000000706200000, 0x0000000706200000| Untracked 
|  36|0x0000000706400000, 0x0000000706400000, 0x0000000706600000|  0%| F|  |TAMS 0x0000000706400000, 0x0000000706400000| Untracked 
|  37|0x0000000706600000, 0x0000000706600000, 0x0000000706800000|  0%| F|  |TAMS 0x0000000706600000, 0x0000000706600000| Untracked 
|  38|0x0000000706800000, 0x00000007068ef5a0, 0x0000000706a00000| 46%| S|CS|TAMS 0x0000000706800000, 0x0000000706800000| Complete 
|  39|0x0000000706a00000, 0x0000000706c00000, 0x0000000706c00000|100%| S|CS|TAMS 0x0000000706a00000, 0x0000000706a00000| Complete 
|  40|0x0000000706c00000, 0x0000000706c00000, 0x0000000706e00000|  0%| F|  |TAMS 0x0000000706c00000, 0x0000000706c00000| Untracked 
|  41|0x0000000706e00000, 0x0000000706e00000, 0x0000000707000000|  0%| F|  |TAMS 0x0000000706e00000, 0x0000000706e00000| Untracked 
|  42|0x0000000707000000, 0x0000000707000000, 0x0000000707200000|  0%| F|  |TAMS 0x0000000707000000, 0x0000000707000000| Untracked 
|  43|0x0000000707200000, 0x0000000707200000, 0x0000000707400000|  0%| F|  |TAMS 0x0000000707200000, 0x0000000707200000| Untracked 
|  44|0x0000000707400000, 0x0000000707400000, 0x0000000707600000|  0%| F|  |TAMS 0x0000000707400000, 0x0000000707400000| Untracked 
|  45|0x0000000707600000, 0x0000000707600000, 0x0000000707800000|  0%| F|  |TAMS 0x0000000707600000, 0x0000000707600000| Untracked 
|  46|0x0000000707800000, 0x000000070789f460, 0x0000000707a00000| 31%| E|  |TAMS 0x0000000707800000, 0x0000000707800000| Complete 
|  47|0x0000000707a00000, 0x0000000707c00000, 0x0000000707c00000|100%| E|CS|TAMS 0x0000000707a00000, 0x0000000707a00000| Complete 
|  48|0x0000000707c00000, 0x0000000707e00000, 0x0000000707e00000|100%| E|CS|TAMS 0x0000000707c00000, 0x0000000707c00000| Complete 
|  49|0x0000000707e00000, 0x0000000708000000, 0x0000000708000000|100%| E|CS|TAMS 0x0000000707e00000, 0x0000000707e00000| Complete 
|  50|0x0000000708000000, 0x0000000708200000, 0x0000000708200000|100%| E|CS|TAMS 0x0000000708000000, 0x0000000708000000| Complete 
|  51|0x0000000708200000, 0x0000000708400000, 0x0000000708400000|100%| E|CS|TAMS 0x0000000708200000, 0x0000000708200000| Complete 
|  52|0x0000000708400000, 0x0000000708600000, 0x0000000708600000|100%| E|CS|TAMS 0x0000000708400000, 0x0000000708400000| Complete 
|  53|0x0000000708600000, 0x0000000708800000, 0x0000000708800000|100%| E|CS|TAMS 0x0000000708600000, 0x0000000708600000| Complete 
|  54|0x0000000708800000, 0x0000000708a00000, 0x0000000708a00000|100%| E|CS|TAMS 0x0000000708800000, 0x0000000708800000| Complete 
|  55|0x0000000708a00000, 0x0000000708c00000, 0x0000000708c00000|100%| E|CS|TAMS 0x0000000708a00000, 0x0000000708a00000| Complete 
|  56|0x0000000708c00000, 0x0000000708e00000, 0x0000000708e00000|100%| E|CS|TAMS 0x0000000708c00000, 0x0000000708c00000| Complete 
|  57|0x0000000708e00000, 0x0000000709000000, 0x0000000709000000|100%| E|CS|TAMS 0x0000000708e00000, 0x0000000708e00000| Complete 
|  58|0x0000000709000000, 0x0000000709200000, 0x0000000709200000|100%| E|CS|TAMS 0x0000000709000000, 0x0000000709000000| Complete 
|  59|0x0000000709200000, 0x0000000709400000, 0x0000000709400000|100%| E|CS|TAMS 0x0000000709200000, 0x0000000709200000| Complete 
|  60|0x0000000709400000, 0x0000000709600000, 0x0000000709600000|100%| E|CS|TAMS 0x0000000709400000, 0x0000000709400000| Complete 
|  61|0x0000000709600000, 0x0000000709800000, 0x0000000709800000|100%| E|CS|TAMS 0x0000000709600000, 0x0000000709600000| Complete 
|  62|0x0000000709800000, 0x0000000709a00000, 0x0000000709a00000|100%| E|CS|TAMS 0x0000000709800000, 0x0000000709800000| Complete 
|  63|0x0000000709a00000, 0x0000000709c00000, 0x0000000709c00000|100%| E|CS|TAMS 0x0000000709a00000, 0x0000000709a00000| Complete 
|  64|0x0000000709c00000, 0x0000000709e00000, 0x0000000709e00000|100%| E|CS|TAMS 0x0000000709c00000, 0x0000000709c00000| Complete 
|  65|0x0000000709e00000, 0x000000070a000000, 0x000000070a000000|100%| E|CS|TAMS 0x0000000709e00000, 0x0000000709e00000| Complete 
|  66|0x000000070a000000, 0x000000070a200000, 0x000000070a200000|100%| E|CS|TAMS 0x000000070a000000, 0x000000070a000000| Complete 
|  67|0x000000070a200000, 0x000000070a400000, 0x000000070a400000|100%| E|CS|TAMS 0x000000070a200000, 0x000000070a200000| Complete 
|  68|0x000000070a400000, 0x000000070a600000, 0x000000070a600000|100%| E|CS|TAMS 0x000000070a400000, 0x000000070a400000| Complete 
|  69|0x000000070a600000, 0x000000070a800000, 0x000000070a800000|100%| E|CS|TAMS 0x000000070a600000, 0x000000070a600000| Complete 
|  70|0x000000070a800000, 0x000000070aa00000, 0x000000070aa00000|100%| E|CS|TAMS 0x000000070a800000, 0x000000070a800000| Complete 
|  71|0x000000070aa00000, 0x000000070ac00000, 0x000000070ac00000|100%| E|CS|TAMS 0x000000070aa00000, 0x000000070aa00000| Complete 

Card table byte_map: [0x0000020ef20e0000,0x0000020ef28e0000] _byte_map_base: 0x0000020eee8d2000

Marking Bits (Prev, Next): (CMBitMap*) 0x0000020eea1440f0, (CMBitMap*) 0x0000020eea144130
 Prev Bits: [0x0000020ef30e0000, 0x0000020ef7070000)
 Next Bits: [0x0000020ef7070000, 0x0000020efb000000)

Polling page: 0x0000020ee7fb0000

Metaspace:

Usage:
  Non-class:     70.01 MB used.
      Class:      9.95 MB used.
       Both:     79.96 MB used.

Virtual space:
  Non-class space:       72.00 MB reserved,      70.44 MB ( 98%) committed,  9 nodes.
      Class space:        1.00 GB reserved,      10.38 MB (  1%) committed,  1 nodes.
             Both:        1.07 GB reserved,      80.81 MB (  7%) committed. 

Chunk freelists:
   Non-Class:  1.51 MB
       Class:  1.53 MB
        Both:  3.04 MB

MaxMetaspaceSize: unlimited
CompressedClassSpaceSize: 1.00 GB
Initial GC threshold: 21.00 MB
Current GC threshold: 134.50 MB
CDS: on
MetaspaceReclaimPolicy: balanced
 - commit_granule_bytes: 65536.
 - commit_granule_words: 8192.
 - virtual_space_node_default_size: 1048576.
 - enlarge_chunks_in_place: 1.
 - new_chunks_are_fully_committed: 0.
 - uncommit_free_chunks: 1.
 - use_allocation_guard: 0.
 - handle_deallocations: 1.


Internal statistics:

num_allocs_failed_limit: 9.
num_arena_births: 1260.
num_arena_deaths: 0.
num_vsnodes_births: 10.
num_vsnodes_deaths: 0.
num_space_committed: 1293.
num_space_uncommitted: 0.
num_chunks_returned_to_freelist: 9.
num_chunks_taken_from_freelist: 4491.
num_chunk_merges: 6.
num_chunk_splits: 2971.
num_chunks_enlarged: 2080.
num_purges: 16.
num_inconsistent_stats: 0.

CodeHeap 'non-profiled nmethods': size=120000Kb used=15541Kb max_used=15541Kb free=104458Kb
 bounds [0x0000020e87ad0000, 0x0000020e88a00000, 0x0000020e8f000000]
CodeHeap 'profiled nmethods': size=120000Kb used=26138Kb max_used=26772Kb free=93861Kb
 bounds [0x0000020e805a0000, 0x0000020e81fe0000, 0x0000020e87ad0000]
CodeHeap 'non-nmethods': size=5760Kb used=1446Kb max_used=1588Kb free=4313Kb
 bounds [0x0000020e80000000, 0x0000020e80270000, 0x0000020e805a0000]
 total_blobs=14325 nmethods=13613 adapters=623
 compilation: enabled
              stopped_count=0, restarted_count=0
 full_count=0

Compilation events (20 events):
Event: 1534.775 Thread 0x0000020efd504580 17332   !   3       org.apache.catalina.core.StandardContext::findFilterConfig (28 bytes)
Event: 1534.776 Thread 0x0000020efd504580 nmethod 17332 0x0000020e81a0fb10 code [0x0000020e81a0fcc0, 0x0000020e81a100c8]
Event: 1534.776 Thread 0x0000020efd504580 17333       3       org.apache.catalina.core.ApplicationFilterFactory::matchFiltersServlet (61 bytes)
Event: 1534.776 Thread 0x0000020efd504580 nmethod 17333 0x0000020e8150c890 code [0x0000020e8150ca80, 0x0000020e8150cf88]
Event: 1534.777 Thread 0x0000020efd504580 17334       3       org.hibernate.query.sqm.tree.domain.AbstractSqmPath::getNavigablePathCopy (52 bytes)
Event: 1534.777 Thread 0x0000020efd504580 nmethod 17334 0x0000020e8150bc90 code [0x0000020e8150be80, 0x0000020e8150c488]
Event: 1534.777 Thread 0x0000020efd504580 17338       3       org.hibernate.persister.entity.AbstractEntityPersister::findSubPart (526 bytes)
Event: 1534.780 Thread 0x0000020efd504580 nmethod 17338 0x0000020e8093cd90 code [0x0000020e8093d400, 0x0000020e80941538]
Event: 1534.780 Thread 0x0000020efd504580 17335       3       org.hibernate.internal.util.NullnessUtil::castNonNull (22 bytes)
Event: 1534.780 Thread 0x0000020efd504580 nmethod 17335 0x0000020e80c4ea10 code [0x0000020e80c4eba0, 0x0000020e80c4ec98]
Event: 1534.780 Thread 0x0000020efd504580 17336       3       org.hibernate.query.sqm.tree.domain.AbstractSqmPath::getRealParentPath (134 bytes)
Event: 1534.781 Thread 0x0000020efd504580 nmethod 17336 0x0000020e807b1590 code [0x0000020e807b18a0, 0x0000020e807b2df8]
Event: 1534.781 Thread 0x0000020efd504580 17337       3       org.hibernate.metamodel.model.domain.internal.SingularAttributeImpl::getPathName (5 bytes)
Event: 1534.781 Thread 0x0000020efd504580 nmethod 17337 0x0000020e80c0d290 code [0x0000020e80c0d420, 0x0000020e80c0d5d8]
Event: 1534.795 Thread 0x0000020efd504580 17339       3       org.apache.catalina.core.ApplicationFilterFactory::matchFiltersURL (161 bytes)
Event: 1534.796 Thread 0x0000020efd4efeb0 17340       4       org.springframework.util.Assert::notNull (17 bytes)
Event: 1534.797 Thread 0x0000020efd4efeb0 nmethod 17340 0x0000020e889fd410 code [0x0000020e889fd580, 0x0000020e889fd5f8]
Event: 1534.798 Thread 0x0000020efd504580 nmethod 17339 0x0000020e80b1a090 code [0x0000020e80b1a4c0, 0x0000020e80b1c178]
Event: 1534.798 Thread 0x0000020efd504580 17341       3       org.springframework.http.converter.AbstractHttpMessageConverter::canWrite (60 bytes)
Event: 1534.799 Thread 0x0000020efd504580 nmethod 17341 0x0000020e8093c110 code [0x0000020e8093c320, 0x0000020e8093cb48]

GC Heap History (20 events):
Event: 1449.048 GC heap before
{Heap before GC invocations=88 (full 6):
 garbage-first heap   total 147456K, used 113073K [0x0000000701c00000, 0x0000000800000000)
  region size 2048K, 35 young (71680K), 3 survivors (6144K)
 Metaspace       used 80488K, committed 81344K, reserved 1122304K
  class space    used 10094K, committed 10496K, reserved 1048576K
}
Event: 1449.156 GC heap after
{Heap after GC invocations=89 (full 7):
 garbage-first heap   total 147456K, used 47277K [0x0000000701c00000, 0x0000000800000000)
  region size 2048K, 0 young (0K), 0 survivors (0K)
 Metaspace       used 80488K, committed 81344K, reserved 1122304K
  class space    used 10094K, committed 10496K, reserved 1048576K
}
Event: 1450.103 GC heap before
{Heap before GC invocations=89 (full 7):
 garbage-first heap   total 147456K, used 116909K [0x0000000701c00000, 0x0000000800000000)
  region size 2048K, 35 young (71680K), 0 survivors (0K)
 Metaspace       used 80672K, committed 81536K, reserved 1122304K
  class space    used 10118K, committed 10560K, reserved 1048576K
}
Event: 1450.107 GC heap after
{Heap after GC invocations=90 (full 7):
 garbage-first heap   total 147456K, used 51373K [0x0000000701c00000, 0x0000000800000000)
  region size 2048K, 2 young (4096K), 2 survivors (4096K)
 Metaspace       used 80672K, committed 81536K, reserved 1122304K
  class space    used 10118K, committed 10560K, reserved 1048576K
}
Event: 1450.117 GC heap before
{Heap before GC invocations=90 (full 7):
 garbage-first heap   total 147456K, used 116909K [0x0000000701c00000, 0x0000000800000000)
  region size 2048K, 35 young (71680K), 2 survivors (4096K)
 Metaspace       used 80672K, committed 81536K, reserved 1122304K
  class space    used 10118K, committed 10560K, reserved 1048576K
}
Event: 1450.120 GC heap after
{Heap after GC invocations=91 (full 7):
 garbage-first heap   total 147456K, used 51277K [0x0000000701c00000, 0x0000000800000000)
  region size 2048K, 2 young (4096K), 2 survivors (4096K)
 Metaspace       used 80672K, committed 81536K, reserved 1122304K
  class space    used 10118K, committed 10560K, reserved 1048576K
}
Event: 1450.807 GC heap before
{Heap before GC invocations=92 (full 7):
 garbage-first heap   total 147456K, used 116813K [0x0000000701c00000, 0x0000000800000000)
  region size 2048K, 35 young (71680K), 2 survivors (4096K)
 Metaspace       used 81005K, committed 81856K, reserved 1122304K
  class space    used 10139K, committed 10560K, reserved 1048576K
}
Event: 1450.814 GC heap after
{Heap after GC invocations=93 (full 7):
 garbage-first heap   total 147456K, used 52996K [0x0000000701c00000, 0x0000000800000000)
  region size 2048K, 3 young (6144K), 3 survivors (6144K)
 Metaspace       used 81005K, committed 81856K, reserved 1122304K
  class space    used 10139K, committed 10560K, reserved 1048576K
}
Event: 1452.246 GC heap before
{Heap before GC invocations=93 (full 7):
 garbage-first heap   total 147456K, used 118532K [0x0000000701c00000, 0x0000000800000000)
  region size 2048K, 35 young (71680K), 3 survivors (6144K)
 Metaspace       used 81014K, committed 81856K, reserved 1122304K
  class space    used 10139K, committed 10560K, reserved 1048576K
}
Event: 1452.252 GC heap after
{Heap after GC invocations=94 (full 7):
 garbage-first heap   total 147456K, used 53516K [0x0000000701c00000, 0x0000000800000000)
  region size 2048K, 2 young (4096K), 2 survivors (4096K)
 Metaspace       used 81014K, committed 81856K, reserved 1122304K
  class space    used 10139K, committed 10560K, reserved 1048576K
}
Event: 1472.286 GC heap before
{Heap before GC invocations=95 (full 7):
 garbage-first heap   total 147456K, used 96524K [0x0000000701c00000, 0x0000000800000000)
  region size 2048K, 24 young (49152K), 2 survivors (4096K)
 Metaspace       used 81250K, committed 82112K, reserved 1122304K
  class space    used 10145K, committed 10560K, reserved 1048576K
}
Event: 1472.398 GC heap after
{Heap after GC invocations=96 (full 8):
 garbage-first heap   total 147456K, used 50731K [0x0000000701c00000, 0x0000000800000000)
  region size 2048K, 0 young (0K), 0 survivors (0K)
 Metaspace       used 81250K, committed 82112K, reserved 1122304K
  class space    used 10145K, committed 10560K, reserved 1048576K
}
Event: 1473.354 GC heap before
{Heap before GC invocations=96 (full 8):
 garbage-first heap   total 147456K, used 120363K [0x0000000701c00000, 0x0000000800000000)
  region size 2048K, 35 young (71680K), 0 survivors (0K)
 Metaspace       used 81401K, committed 82368K, reserved 1122304K
  class space    used 10161K, committed 10624K, reserved 1048576K
}
Event: 1473.360 GC heap after
{Heap after GC invocations=97 (full 8):
 garbage-first heap   total 147456K, used 54471K [0x0000000701c00000, 0x0000000800000000)
  region size 2048K, 2 young (4096K), 2 survivors (4096K)
 Metaspace       used 81401K, committed 82368K, reserved 1122304K
  class space    used 10161K, committed 10624K, reserved 1048576K
}
Event: 1473.379 GC heap before
{Heap before GC invocations=97 (full 8):
 garbage-first heap   total 147456K, used 117959K [0x0000000701c00000, 0x0000000800000000)
  region size 2048K, 34 young (69632K), 2 survivors (4096K)
 Metaspace       used 81401K, committed 82368K, reserved 1122304K
  class space    used 10161K, committed 10624K, reserved 1048576K
}
Event: 1473.385 GC heap after
{Heap after GC invocations=98 (full 8):
 garbage-first heap   total 147456K, used 54286K [0x0000000701c00000, 0x0000000800000000)
  region size 2048K, 2 young (4096K), 2 survivors (4096K)
 Metaspace       used 81401K, committed 82368K, reserved 1122304K
  class space    used 10161K, committed 10624K, reserved 1048576K
}
Event: 1474.089 GC heap before
{Heap before GC invocations=99 (full 8):
 garbage-first heap   total 147456K, used 119822K [0x0000000701c00000, 0x0000000800000000)
  region size 2048K, 35 young (71680K), 2 survivors (4096K)
 Metaspace       used 81734K, committed 82624K, reserved 1122304K
  class space    used 10180K, committed 10624K, reserved 1048576K
}
Event: 1474.097 GC heap after
{Heap after GC invocations=100 (full 8):
 garbage-first heap   total 147456K, used 56382K [0x0000000701c00000, 0x0000000800000000)
  region size 2048K, 3 young (6144K), 3 survivors (6144K)
 Metaspace       used 81734K, committed 82624K, reserved 1122304K
  class space    used 10180K, committed 10624K, reserved 1048576K
}
Event: 1475.410 GC heap before
{Heap before GC invocations=100 (full 8):
 garbage-first heap   total 147456K, used 121918K [0x0000000701c00000, 0x0000000800000000)
  region size 2048K, 35 young (71680K), 3 survivors (6144K)
 Metaspace       used 81744K, committed 82624K, reserved 1122304K
  class space    used 10180K, committed 10624K, reserved 1048576K
}
Event: 1475.416 GC heap after
{Heap after GC invocations=101 (full 8):
 garbage-first heap   total 147456K, used 56923K [0x0000000701c00000, 0x0000000800000000)
  region size 2048K, 2 young (4096K), 2 survivors (4096K)
 Metaspace       used 81744K, committed 82624K, reserved 1122304K
  class space    used 10180K, committed 10624K, reserved 1048576K
}

Deoptimization events (20 events):
Event: 1534.787 Thread 0x0000020eff44aa20 DEOPT PACKING pc=0x0000020e87ded148 sp=0x000000c01d4fd800
Event: 1534.787 Thread 0x0000020eff44aa20 DEOPT UNPACKING pc=0x0000020e80052b43 sp=0x000000c01d4fcc98 mode 1
Event: 1534.787 Thread 0x0000020eff44aa20 DEOPT PACKING pc=0x0000020e87d32c58 sp=0x000000c01d4fe1c0
Event: 1534.787 Thread 0x0000020eff44aa20 DEOPT UNPACKING pc=0x0000020e80052b43 sp=0x000000c01d4fd638 mode 1
Event: 1534.787 Thread 0x0000020eff44aa20 DEOPT PACKING pc=0x0000020e8147962c sp=0x000000c01d4fe200
Event: 1534.787 Thread 0x0000020eff44aa20 DEOPT UNPACKING pc=0x0000020e80052b43 sp=0x000000c01d4fd660 mode 1
Event: 1534.788 Thread 0x0000020eff44aa20 DEOPT PACKING pc=0x0000020e80c42824 sp=0x000000c01d4fe280
Event: 1534.788 Thread 0x0000020eff44aa20 DEOPT UNPACKING pc=0x0000020e80052b43 sp=0x000000c01d4fd768 mode 1
Event: 1534.788 Thread 0x0000020eff44aa20 DEOPT PACKING pc=0x0000020e810995dc sp=0x000000c01d4fe340
Event: 1534.788 Thread 0x0000020eff44aa20 DEOPT UNPACKING pc=0x0000020e80052b43 sp=0x000000c01d4fd7e8 mode 1
Event: 1534.788 Thread 0x0000020eff44aa20 DEOPT PACKING pc=0x0000020e81bdfaa4 sp=0x000000c01d4fe390
Event: 1534.788 Thread 0x0000020eff44aa20 DEOPT UNPACKING pc=0x0000020e80052b43 sp=0x000000c01d4fd860 mode 1
Event: 1534.788 Thread 0x0000020eff44aa20 Uncommon trap: trap_request=0xffffff97 fr.pc=0x0000020e87dfee40 relative=0x0000000000000120
Event: 1534.788 Thread 0x0000020eff44aa20 Uncommon trap: reason=unhandled action=none pc=0x0000020e87dfee40 method=jdk.internal.loader.BuiltinClassLoader.loadClass(Ljava/lang/String;Z)Ljava/lang/Class; @ 19 c2
Event: 1534.788 Thread 0x0000020eff44aa20 DEOPT PACKING pc=0x0000020e87dfee40 sp=0x000000c01d4fd9b0
Event: 1534.788 Thread 0x0000020eff44aa20 DEOPT UNPACKING pc=0x0000020e800523a3 sp=0x000000c01d4fd8d0 mode 2
Event: 1534.788 Thread 0x0000020eff44aa20 DEOPT PACKING pc=0x0000020e87ded148 sp=0x000000c01d4fda00
Event: 1534.788 Thread 0x0000020eff44aa20 DEOPT UNPACKING pc=0x0000020e80052b43 sp=0x000000c01d4fce98 mode 1
Event: 1534.788 Thread 0x0000020eff44aa20 DEOPT PACKING pc=0x0000020e8863b9d4 sp=0x000000c01d4fe3c0
Event: 1534.788 Thread 0x0000020eff44aa20 DEOPT UNPACKING pc=0x0000020e80052b43 sp=0x000000c01d4fd860 mode 1

Classes unloaded (0 events):
No events

Classes redefined (20 events):
Event: 1447.993 Thread 0x0000020efd4d61c0 redefined class name=com.br.anunciazo.application.controller.restrito.AnuncioController, count=3
Event: 1447.993 Thread 0x0000020efd4d61c0 redefined class name=com.br.anunciazo.application.controller.restrito.AnuncioController, count=2
Event: 1447.993 Thread 0x0000020efd4d61c0 redefined class name=com.br.anunciazo.application.controller.restrito.AnuncioController, count=2
Event: 1447.993 Thread 0x0000020efd4d61c0 redefined class name=com.br.anunciazo.application.controller.restrito.AnuncioController$1, count=1
Event: 1447.993 Thread 0x0000020efd4d61c0 redefined class name=com.br.anunciazo.application.controller.restrito.AnuncioController, count=1
Event: 1471.444 Thread 0x0000020efd4d61c0 redefined class name=com.br.anunciazo.application.controller.restrito.AnuncioController$1, count=4
Event: 1471.444 Thread 0x0000020efd4d61c0 redefined class name=com.br.anunciazo.application.controller.restrito.AnuncioController$1, count=4
Event: 1471.444 Thread 0x0000020efd4d61c0 redefined class name=com.br.anunciazo.application.controller.restrito.AnuncioController$1, count=4
Event: 1471.444 Thread 0x0000020efd4d61c0 redefined class name=com.br.anunciazo.application.controller.restrito.AnuncioController$1, count=3
Event: 1471.444 Thread 0x0000020efd4d61c0 redefined class name=com.br.anunciazo.application.controller.restrito.AnuncioController, count=4
Event: 1471.444 Thread 0x0000020efd4d61c0 redefined class name=com.br.anunciazo.application.controller.restrito.AnuncioController$1, count=3
Event: 1471.444 Thread 0x0000020efd4d61c0 redefined class name=com.br.anunciazo.application.controller.restrito.AnuncioController, count=4
Event: 1471.444 Thread 0x0000020efd4d61c0 redefined class name=com.br.anunciazo.application.controller.restrito.AnuncioController, count=3
Event: 1471.444 Thread 0x0000020efd4d61c0 redefined class name=com.br.anunciazo.application.controller.restrito.AnuncioController, count=4
Event: 1471.444 Thread 0x0000020efd4d61c0 redefined class name=com.br.anunciazo.application.controller.restrito.AnuncioController, count=3
Event: 1471.444 Thread 0x0000020efd4d61c0 redefined class name=com.br.anunciazo.application.controller.restrito.AnuncioController, count=3
Event: 1471.444 Thread 0x0000020efd4d61c0 redefined class name=com.br.anunciazo.application.controller.restrito.AnuncioController$1, count=2
Event: 1471.444 Thread 0x0000020efd4d61c0 redefined class name=com.br.anunciazo.application.controller.restrito.AnuncioController$1, count=1
Event: 1471.444 Thread 0x0000020efd4d61c0 redefined class name=com.br.anunciazo.application.controller.restrito.AnuncioController, count=2
Event: 1471.444 Thread 0x0000020efd4d61c0 redefined class name=com.br.anunciazo.application.controller.restrito.AnuncioController, count=1

Internal exceptions (20 events):
Event: 1472.993 Thread 0x0000020eff44d0a0 Exception <a 'sun/nio/fs/WindowsException'{0x00000007093ff7b0}> (0x00000007093ff7b0) 
thrown [t:\workspace\open\src\hotspot\share\prims\jni.cpp, line 516]
Event: 1473.020 Thread 0x0000020eff44d0a0 Exception <a 'sun/nio/fs/WindowsException'{0x00000007090b15f8}> (0x00000007090b15f8) 
thrown [t:\workspace\open\src\hotspot\share\prims\jni.cpp, line 516]
Event: 1473.260 Thread 0x0000020eff44d0a0 Exception <a 'java/lang/NoClassDefFoundError'{0x0000000708671ed0}: org/flywaydb/core/Flyway> (0x0000000708671ed0) 
thrown [t:\workspace\open\src\hotspot\share\oops\constantPool.cpp, line 835]
Event: 1473.261 Thread 0x0000020eff44d0a0 Exception <a 'java/lang/NoClassDefFoundError'{0x0000000708672520}: liquibase/integration/spring/SpringLiquibase> (0x0000000708672520) 
thrown [t:\workspace\open\src\hotspot\share\oops\constantPool.cpp, line 835]
Event: 1473.271 Thread 0x0000020eff44d0a0 Exception <a 'java/lang/NoClassDefFoundError'{0x00000007086d39c8}: org/jooq/DSLContext> (0x00000007086d39c8) 
thrown [t:\workspace\open\src\hotspot\share\oops\constantPool.cpp, line 835]
Event: 1473.274 Thread 0x0000020eff44d0a0 Exception <a 'java/lang/NoClassDefFoundError'{0x00000007086dfbd0}: org/springframework/batch/core/repository/JobRepository> (0x00000007086dfbd0) 
thrown [t:\workspace\open\src\hotspot\share\oops\constantPool.cpp, line 835]
Event: 1473.275 Thread 0x0000020eff44d0a0 Exception <a 'java/lang/NoClassDefFoundError'{0x00000007086e0218}: org/quartz/Scheduler> (0x00000007086e0218) 
thrown [t:\workspace\open\src\hotspot\share\oops\constantPool.cpp, line 835]
Event: 1473.277 Thread 0x0000020eff44d0a0 Exception <a 'java/lang/NoClassDefFoundError'{0x00000007086e0888}: org/springframework/session/jdbc/JdbcIndexedSessionRepository> (0x00000007086e0888) 
thrown [t:\workspace\open\src\hotspot\share\oops\constantPool.cpp, line 835]
Event: 1473.396 Thread 0x0000020eff44d0a0 Exception <a 'sun/nio/fs/WindowsException'{0x0000000709cb3a90}> (0x0000000709cb3a90) 
thrown [t:\workspace\open\src\hotspot\share\prims\jni.cpp, line 516]
Event: 1473.397 Thread 0x0000020eff44d0a0 Exception <a 'sun/nio/fs/WindowsException'{0x0000000709cb4148}> (0x0000000709cb4148) 
thrown [t:\workspace\open\src\hotspot\share\prims\jni.cpp, line 516]
Event: 1473.397 Thread 0x0000020eff44d0a0 Exception <a 'sun/nio/fs/WindowsException'{0x0000000709cb4880}> (0x0000000709cb4880) 
thrown [t:\workspace\open\src\hotspot\share\prims\jni.cpp, line 516]
Event: 1473.451 Thread 0x0000020eff44d0a0 Exception <a 'java/io/FileNotFoundException'{0x0000000709cec5d8}> (0x0000000709cec5d8) 
thrown [t:\workspace\open\src\hotspot\share\prims\jni.cpp, line 516]
Event: 1473.539 Thread 0x0000020eff44d0a0 Exception <a 'java/io/FileNotFoundException'{0x0000000709627770}> (0x0000000709627770) 
thrown [t:\workspace\open\src\hotspot\share\prims\jni.cpp, line 516]
Event: 1473.632 Thread 0x0000020eff44d0a0 Exception <a 'sun/nio/fs/WindowsException'{0x00000007090d9500}> (0x00000007090d9500) 
thrown [t:\workspace\open\src\hotspot\share\prims\jni.cpp, line 516]
Event: 1475.733 Thread 0x0000020eff44d0a0 Exception <a 'sun/nio/fs/WindowsException'{0x0000000709d42cb0}> (0x0000000709d42cb0) 
thrown [t:\workspace\open\src\hotspot\share\prims\jni.cpp, line 516]
Event: 1477.996 Thread 0x0000020eff44ed80 Implicit null exception at 0x0000020e889c2a6b to 0x0000020e889c7cb0
Event: 1510.445 Thread 0x0000020eff44fbf0 Exception <a 'java/lang/reflect/InvocationTargetException'{0x0000000707c71ec8}> (0x0000000707c71ec8) 
thrown [t:\workspace\open\src\hotspot\share\runtime\reflection.cpp, line 1121]
Event: 1513.163 Thread 0x0000020eff450f30 Exception <a 'java/lang/reflect/InvocationTargetException'{0x0000000708223948}> (0x0000000708223948) 
thrown [t:\workspace\open\src\hotspot\share\runtime\reflection.cpp, line 1121]
Event: 1515.555 Thread 0x0000020eff44a550 Exception <a 'java/lang/reflect/InvocationTargetException'{0x00000007082732d8}> (0x00000007082732d8) 
thrown [t:\workspace\open\src\hotspot\share\runtime\reflection.cpp, line 1121]
Event: 1534.786 Thread 0x0000020eff44aa20 Exception <a 'java/lang/reflect/InvocationTargetException'{0x00000007082c3298}> (0x00000007082c3298) 
thrown [t:\workspace\open\src\hotspot\share\runtime\reflection.cpp, line 1121]

VM Operations (20 events):
Event: 1548.102 Executing VM operation: ChangeBreakpoints
Event: 1548.107 Executing VM operation: ChangeBreakpoints done
Event: 1548.123 Executing VM operation: ChangeBreakpoints
Event: 1548.127 Executing VM operation: ChangeBreakpoints done
Event: 1548.128 Executing VM operation: ChangeBreakpoints
Event: 1548.132 Executing VM operation: ChangeBreakpoints done
Event: 1548.136 Executing VM operation: ChangeBreakpoints
Event: 1548.143 Executing VM operation: ChangeBreakpoints done
Event: 1548.172 Executing VM operation: ChangeBreakpoints
Event: 1548.177 Executing VM operation: ChangeBreakpoints done
Event: 1548.180 Executing VM operation: ChangeBreakpoints
Event: 1548.186 Executing VM operation: ChangeBreakpoints done
Event: 1548.189 Executing VM operation: ChangeBreakpoints
Event: 1548.195 Executing VM operation: ChangeBreakpoints done
Event: 1548.198 Executing VM operation: ChangeBreakpoints
Event: 1548.204 Executing VM operation: ChangeBreakpoints done
Event: 1548.207 Executing VM operation: ChangeBreakpoints
Event: 1548.212 Executing VM operation: ChangeBreakpoints done
Event: 1548.215 Executing VM operation: ChangeBreakpoints
Event: 1548.222 Executing VM operation: ChangeBreakpoints done

Events (20 events):
Event: 1475.912 Thread 0x0000020e99321a90 Thread added: 0x0000020e99321a90
Event: 1475.927 Thread 0x0000020eff44d0a0 Thread exited: 0x0000020eff44d0a0
Event: 1475.927 Thread 0x0000020eff44b3c0 Thread exited: 0x0000020eff44b3c0
Event: 1479.332 Thread 0x0000020eff44a080 Thread exited: 0x0000020eff44a080
Event: 1510.454 loading class jdk/internal/reflect/GeneratedMethodAccessor50
Event: 1510.454 loading class jdk/internal/reflect/GeneratedMethodAccessor50 done
Event: 1510.456 loading class jdk/internal/reflect/GeneratedMethodAccessor50
Event: 1510.456 loading class jdk/internal/reflect/GeneratedMethodAccessor50 done
Event: 1513.166 loading class jdk/internal/reflect/GeneratedMethodAccessor50
Event: 1513.166 loading class jdk/internal/reflect/GeneratedMethodAccessor50 done
Event: 1513.168 loading class jdk/internal/reflect/GeneratedMethodAccessor50
Event: 1513.168 loading class jdk/internal/reflect/GeneratedMethodAccessor50 done
Event: 1515.558 loading class jdk/internal/reflect/GeneratedMethodAccessor50
Event: 1515.558 loading class jdk/internal/reflect/GeneratedMethodAccessor50 done
Event: 1515.560 loading class jdk/internal/reflect/GeneratedMethodAccessor50
Event: 1515.560 loading class jdk/internal/reflect/GeneratedMethodAccessor50 done
Event: 1534.787 loading class jdk/internal/reflect/GeneratedMethodAccessor50
Event: 1534.787 loading class jdk/internal/reflect/GeneratedMethodAccessor50 done
Event: 1534.788 loading class jdk/internal/reflect/GeneratedMethodAccessor50
Event: 1534.788 loading class jdk/internal/reflect/GeneratedMethodAccessor50 done


Dynamic libraries:
0x00007ff661ca0000 - 0x00007ff661cae000 	C:\Users\carlos.moretti\openjdk-17.0.1_windows-x64_bin\jdk-17.0.1\bin\javaw.exe
0x00007ffcc4550000 - 0x00007ffcc4748000 	C:\WINDOWS\SYSTEM32\ntdll.dll
0x00007ffcc2b00000 - 0x00007ffcc2bbd000 	C:\WINDOWS\System32\KERNEL32.DLL
0x00007ffcc2090000 - 0x00007ffcc2386000 	C:\WINDOWS\System32\KERNELBASE.dll
0x00007ffcc1c30000 - 0x00007ffcc1d30000 	C:\WINDOWS\System32\ucrtbase.dll
0x00007ffc8a880000 - 0x00007ffc8a898000 	C:\Users\carlos.moretti\openjdk-17.0.1_windows-x64_bin\jdk-17.0.1\bin\jli.dll
0x00007ffcc3db0000 - 0x00007ffcc3f4e000 	C:\WINDOWS\System32\USER32.dll
0x00007ffcc1d30000 - 0x00007ffcc1d52000 	C:\WINDOWS\System32\win32u.dll
0x00007ffcc2ad0000 - 0x00007ffcc2afc000 	C:\WINDOWS\System32\GDI32.dll
0x00007ffcb8830000 - 0x00007ffcb884a000 	C:\Users\carlos.moretti\openjdk-17.0.1_windows-x64_bin\jdk-17.0.1\bin\VCRUNTIME140.dll
0x00007ffcc1f70000 - 0x00007ffcc208a000 	C:\WINDOWS\System32\gdi32full.dll
0x00007ffcc2390000 - 0x00007ffcc242d000 	C:\WINDOWS\System32\msvcp_win.dll
0x00007ffca68f0000 - 0x00007ffca6b8a000 	C:\WINDOWS\WinSxS\amd64_microsoft.windows.common-controls_6595b64144ccf1df_6.0.19041.1110_none_60b5254171f9507e\COMCTL32.dll
0x00007ffcc4080000 - 0x00007ffcc411e000 	C:\WINDOWS\System32\msvcrt.dll
0x00007ffcc3580000 - 0x00007ffcc35b0000 	C:\WINDOWS\System32\IMM32.DLL
0x00007ffcbb770000 - 0x00007ffcbb77c000 	C:\Users\carlos.moretti\openjdk-17.0.1_windows-x64_bin\jdk-17.0.1\bin\vcruntime140_1.dll
0x00007ffc86780000 - 0x00007ffc8680d000 	C:\Users\carlos.moretti\openjdk-17.0.1_windows-x64_bin\jdk-17.0.1\bin\msvcp140.dll
0x00007ffc53920000 - 0x00007ffc544de000 	C:\Users\carlos.moretti\openjdk-17.0.1_windows-x64_bin\jdk-17.0.1\bin\server\jvm.dll
0x00007ffcc41e0000 - 0x00007ffcc428e000 	C:\WINDOWS\System32\ADVAPI32.dll
0x00007ffcc34e0000 - 0x00007ffcc357c000 	C:\WINDOWS\System32\sechost.dll
0x00007ffcc35b0000 - 0x00007ffcc36d6000 	C:\WINDOWS\System32\RPCRT4.dll
0x00007ffcc3f50000 - 0x00007ffcc3f58000 	C:\WINDOWS\System32\PSAPI.DLL
0x00007ffca1c30000 - 0x00007ffca1c39000 	C:\WINDOWS\SYSTEM32\WSOCK32.dll
0x00007ffc97b70000 - 0x00007ffc97b97000 	C:\WINDOWS\SYSTEM32\WINMM.dll
0x00007ffcb6830000 - 0x00007ffcb683a000 	C:\WINDOWS\SYSTEM32\VERSION.dll
0x00007ffcc3cc0000 - 0x00007ffcc3d2b000 	C:\WINDOWS\System32\WS2_32.dll
0x00007ffcc04e0000 - 0x00007ffcc04f2000 	C:\WINDOWS\SYSTEM32\kernel.appcore.dll
0x00007ffcb3a10000 - 0x00007ffcb3a1a000 	C:\Users\carlos.moretti\openjdk-17.0.1_windows-x64_bin\jdk-17.0.1\bin\jimage.dll
0x00007ffcbb9f0000 - 0x00007ffcbbbd4000 	C:\WINDOWS\SYSTEM32\DBGHELP.DLL
0x00007ffc979b0000 - 0x00007ffc979e4000 	C:\WINDOWS\SYSTEM32\dbgcore.DLL
0x00007ffcc24d0000 - 0x00007ffcc2552000 	C:\WINDOWS\System32\bcryptPrimitives.dll
0x00007ffcb8200000 - 0x00007ffcb823b000 	C:\Users\carlos.moretti\openjdk-17.0.1_windows-x64_bin\jdk-17.0.1\bin\jdwp.dll
0x00007ffcaa9f0000 - 0x00007ffcaa9fe000 	C:\Users\carlos.moretti\openjdk-17.0.1_windows-x64_bin\jdk-17.0.1\bin\instrument.dll
0x00007ffc8a850000 - 0x00007ffc8a875000 	C:\Users\carlos.moretti\openjdk-17.0.1_windows-x64_bin\jdk-17.0.1\bin\java.dll
0x00007ffc8a770000 - 0x00007ffc8a846000 	C:\Users\carlos.moretti\openjdk-17.0.1_windows-x64_bin\jdk-17.0.1\bin\svml.dll
0x00007ffcc2be0000 - 0x00007ffcc3325000 	C:\WINDOWS\System32\SHELL32.dll
0x00007ffcbf450000 - 0x00007ffcbfbeb000 	C:\WINDOWS\SYSTEM32\windows.storage.dll
0x00007ffcc2770000 - 0x00007ffcc2ac4000 	C:\WINDOWS\System32\combase.dll
0x00007ffcc14c0000 - 0x00007ffcc14ee000 	C:\WINDOWS\SYSTEM32\Wldp.dll
0x00007ffcc4130000 - 0x00007ffcc41dd000 	C:\WINDOWS\System32\SHCORE.dll
0x00007ffcc4290000 - 0x00007ffcc42e5000 	C:\WINDOWS\System32\shlwapi.dll
0x00007ffcc1b60000 - 0x00007ffcc1b85000 	C:\WINDOWS\SYSTEM32\profapi.dll
0x00007ffcb78f0000 - 0x00007ffcb78fc000 	C:\Users\carlos.moretti\openjdk-17.0.1_windows-x64_bin\jdk-17.0.1\bin\dt_socket.dll
0x00007ffcc0fb0000 - 0x00007ffcc0feb000 	C:\WINDOWS\SYSTEM32\IPHLPAPI.DLL
0x00007ffcc12a0000 - 0x00007ffcc130a000 	C:\WINDOWS\system32\mswsock.dll
0x00007ffcc0ff0000 - 0x00007ffcc10ba000 	C:\WINDOWS\SYSTEM32\DNSAPI.dll
0x00007ffcc42f0000 - 0x00007ffcc42f8000 	C:\WINDOWS\System32\NSI.dll
0x00007ffcaae80000 - 0x00007ffcaae8a000 	C:\Windows\System32\rasadhlp.dll
0x00007ffcb8870000 - 0x00007ffcb88f2000 	C:\WINDOWS\System32\fwpuclnt.dll
0x00007ffcc24a0000 - 0x00007ffcc24c7000 	C:\WINDOWS\System32\bcrypt.dll
0x00007ffc8a750000 - 0x00007ffc8a768000 	C:\Users\carlos.moretti\openjdk-17.0.1_windows-x64_bin\jdk-17.0.1\bin\zip.dll
0x00007ffc7e5c0000 - 0x00007ffc7e5d9000 	C:\Users\carlos.moretti\openjdk-17.0.1_windows-x64_bin\jdk-17.0.1\bin\net.dll
0x00007ffcb51b0000 - 0x00007ffcb52ba000 	C:\WINDOWS\SYSTEM32\WINHTTP.dll
0x00007ffc7bf50000 - 0x00007ffc7bf65000 	C:\Users\carlos.moretti\openjdk-17.0.1_windows-x64_bin\jdk-17.0.1\bin\nio.dll
0x00007ffcaa9e0000 - 0x00007ffcaa9f0000 	C:\Users\carlos.moretti\openjdk-17.0.1_windows-x64_bin\jdk-17.0.1\bin\verify.dll
0x00007ffcb78e0000 - 0x00007ffcb78e9000 	C:\Users\carlos.moretti\openjdk-17.0.1_windows-x64_bin\jdk-17.0.1\bin\management.dll
0x00007ffcb78d0000 - 0x00007ffcb78db000 	C:\Users\carlos.moretti\openjdk-17.0.1_windows-x64_bin\jdk-17.0.1\bin\management_ext.dll
0x00007ffcc1560000 - 0x00007ffcc1578000 	C:\WINDOWS\SYSTEM32\CRYPTSP.dll
0x00007ffcc0bd0000 - 0x00007ffcc0c04000 	C:\WINDOWS\system32\rsaenh.dll
0x00007ffcc1b20000 - 0x00007ffcc1b4e000 	C:\WINDOWS\SYSTEM32\USERENV.dll
0x00007ffcc1430000 - 0x00007ffcc143c000 	C:\WINDOWS\SYSTEM32\CRYPTBASE.dll
0x00007ffcb81a0000 - 0x00007ffcb81b7000 	C:\WINDOWS\SYSTEM32\dhcpcsvc6.DLL
0x00007ffcb8180000 - 0x00007ffcb819d000 	C:\WINDOWS\SYSTEM32\dhcpcsvc.DLL
0x00007ffcb7610000 - 0x00007ffcb761e000 	C:\Users\carlos.moretti\openjdk-17.0.1_windows-x64_bin\jdk-17.0.1\bin\sunmscapi.dll
0x00007ffcc1e10000 - 0x00007ffcc1f6e000 	C:\WINDOWS\System32\CRYPT32.dll
0x00007ffcc16e0000 - 0x00007ffcc1708000 	C:\WINDOWS\SYSTEM32\ncrypt.dll
0x00007ffcc16a0000 - 0x00007ffcc16db000 	C:\WINDOWS\SYSTEM32\NTASN1.dll
0x00007ffc97650000 - 0x00007ffc97667000 	C:\WINDOWS\system32\napinsp.dll
0x00007ffc95f70000 - 0x00007ffc95f8b000 	C:\WINDOWS\system32\pnrpnsp.dll
0x00007ffcb8900000 - 0x00007ffcb8915000 	C:\WINDOWS\system32\wshbth.dll
0x00007ffcb9a20000 - 0x00007ffcb9a3d000 	C:\WINDOWS\system32\NLAapi.dll
0x00007ffc95f50000 - 0x00007ffc95f62000 	C:\WINDOWS\System32\winrnr.dll
0x00007ffcaaf40000 - 0x00007ffcaaf47000 	C:\WINDOWS\system32\wshunix.dll

dbghelp: loaded successfully - version: 4.0.5 - missing functions: none
symbol engine: initialized successfully - sym options: 0x614 - pdb path: .;C:\Users\carlos.moretti\openjdk-17.0.1_windows-x64_bin\jdk-17.0.1\bin;C:\WINDOWS\SYSTEM32;C:\WINDOWS\WinSxS\amd64_microsoft.windows.common-controls_6595b64144ccf1df_6.0.19041.1110_none_60b5254171f9507e;C:\Users\carlos.moretti\openjdk-17.0.1_windows-x64_bin\jdk-17.0.1\bin\server

VM Arguments:
jvm_args: -XX:+ShowCodeDetailsInExceptionMessages -agentlib:jdwp=transport=dt_socket,suspend=y,address=localhost:54792 -javaagent:C:\Users\carlos.moretti\eclipse\java-2023-06\eclipse\configuration\org.eclipse.osgi\248\0\.cp\lib\javaagent-shaded.jar -Dfile.encoding=UTF-8 
java_command: com.br.anunciazo.application.Application
java_class_path (initial): C:\Users\carlos.moretti\Documents\Projetos Pessoais\backend\application\application\target\classes;C:\Users\carlos.moretti\.m2\repository\org\springframework\boot\spring-boot-starter-actuator\3.1.4\spring-boot-starter-actuator-3.1.4.jar;C:\Users\carlos.moretti\.m2\repository\org\springframework\boot\spring-boot-starter\3.1.4\spring-boot-starter-3.1.4.jar;C:\Users\carlos.moretti\.m2\repository\org\springframework\boot\spring-boot-starter-logging\3.1.4\spring-boot-starter-logging-3.1.4.jar;C:\Users\carlos.moretti\.m2\repository\ch\qos\logback\logback-classic\1.4.11\logback-classic-1.4.11.jar;C:\Users\carlos.moretti\.m2\repository\ch\qos\logback\logback-core\1.4.11\logback-core-1.4.11.jar;C:\Users\carlos.moretti\.m2\repository\org\apache\logging\log4j\log4j-to-slf4j\2.20.0\log4j-to-slf4j-2.20.0.jar;C:\Users\carlos.moretti\.m2\repository\org\apache\logging\log4j\log4j-api\2.20.0\log4j-api-2.20.0.jar;C:\Users\carlos.moretti\.m2\repository\org\slf4j\jul-to-slf4j\2.0.9\jul-to-slf4j-2.0.9.jar;C:\Users\carlos.moretti\.m2\repository\jakarta\annotation\jakarta.annotation-api\2.1.1\jakarta.annotation-api-2.1.1.jar;C:\Users\carlos.moretti\.m2\repository\org\yaml\snakeyaml\1.33\snakeyaml-1.33.jar;C:\Users\carlos.moretti\.m2\repository\org\springframework\boot\spring-boot-actuator-autoconfigure\3.1.4\spring-boot-actuator-autoconfigure-3.1.4.jar;C:\Users\carlos.moretti\.m2\repository\org\springframework\boot\spring-boot-actuator\3.1.4\spring-boot-actuator-3.1.4.jar;C:\Users\carlos.moretti\.m2\repository\com\fasterxml\jackson\core\jackson-databind\2.15.2\jackson-databind-2.15.2.jar;C:\Users\carlos.moretti\.m2\repository\com\fasterxml\jackson\core\jackson-annotations\2.15.2\jackson-annotations-2.15.2.jar;C:\Users\carlos.moretti\.m2\repository\com\fasterxml\jackson\core\jackson-core\2.15.2\jackson-core-2.15.2.jar;C:\Users\carlos.moretti\.m2\repository\com\fasterxml\jackson\datatype\jackson-datatype-jsr310\2.15.2\jackson-datatype-jsr310-2.15.2.jar;C:\Users\
Launcher Type: SUN_STANDARD

[Global flags]
     intx CICompilerCount                          = 3                                         {product} {ergonomic}
     uint ConcGCThreads                            = 1                                         {product} {ergonomic}
     uint G1ConcRefinementThreads                  = 4                                         {product} {ergonomic}
   size_t G1HeapRegionSize                         = 2097152                                   {product} {ergonomic}
    uintx GCDrainStackTargetSize                   = 64                                        {product} {ergonomic}
   size_t InitialHeapSize                          = 268435456                                 {product} {ergonomic}
   size_t MarkStackSize                            = 4194304                                   {product} {ergonomic}
   size_t MaxHeapSize                              = 4265607168                                {product} {ergonomic}
   size_t MaxNewSize                               = 2558525440                                {product} {ergonomic}
   size_t MinHeapDeltaBytes                        = 2097152                                   {product} {ergonomic}
   size_t MinHeapSize                              = 8388608                                   {product} {ergonomic}
    uintx NonNMethodCodeHeapSize                   = 5832780                                {pd product} {ergonomic}
    uintx NonProfiledCodeHeapSize                  = 122912730                              {pd product} {ergonomic}
    uintx ProfiledCodeHeapSize                     = 122912730                              {pd product} {ergonomic}
    uintx ReservedCodeCacheSize                    = 251658240                              {pd product} {ergonomic}
     bool SegmentedCodeCache                       = true                                      {product} {ergonomic}
     bool ShowCodeDetailsInExceptionMessages       = true                                   {manageable} {command line}
   size_t SoftMaxHeapSize                          = 4265607168                             {manageable} {ergonomic}
     bool UseCompressedClassPointers               = true                           {product lp64_product} {ergonomic}
     bool UseCompressedOops                        = true                           {product lp64_product} {ergonomic}
     bool UseG1GC                                  = true                                      {product} {ergonomic}
     bool UseLargePagesIndividualAllocation        = false                                  {pd product} {ergonomic}

Logging:
Log output configuration:
 #0: stdout all=warning uptime,level,tags
 #1: stderr all=off uptime,level,tags

Environment Variables:
JAVA_HOME=C:\Users\carlos.moretti\openjdk-17.0.1_windows-x64_bin\jdk-17.0.1
CLASSPATH=C:\Users\carlos.moretti\openjdk-17.0.1_windows-x64_bin\jdk-17.0.1\bin
PATH=C:/Users/carlos.moretti/openjdk-17.0.1_windows-x64_bin/jdk-17.0.1/bin/server;C:/Users/carlos.moretti/openjdk-17.0.1_windows-x64_bin/jdk-17.0.1/bin;C:\WINDOWS\system32;C:\WINDOWS;C:\WINDOWS\System32\Wbem;C:\WINDOWS\System32\WindowsPowerShell\v1.0\;C:\WINDOWS\System32\OpenSSH\;C:\Program Files\PuTTY\;C:\Program Files\Git\cmd;C:\area_app\apps\apache-maven-3.8.4\bin;C:\Program Files\Microsoft SQL Server\Client SDK\ODBC\170\Tools\Binn\;C:\Program Files (x86)\Microsoft SQL Server\150\Tools\Binn\;C:\Program Files\Microsoft SQL Server\150\Tools\Binn\;C:\Program Files\Microsoft SQL Server\150\DTS\Binn\;C:\Program Files\Azure Data Studio\bin;C:\Program Files (x86)\Microsoft SQL Server\150\DTS\Binn\;C:\Program Files\Docker\Docker\resources\bin;C:\ProgramData\DockerDesktop\version-bin;C:\Program Files (x86)\GitExtensions\;C:\Program Files\dotnet\;C:\Program Files\nodejs\;C:\Users\carlos.moretti\AppData\Local\Microsoft\WindowsApps;C:\Users\carlos.moretti\AppData\Local\Programs\Microsoft VS Code\bin;C:\Users\carlos.moretti\AppData\Local\GitHubDesktop\bin;C:\Users\carlos.moretti\AppData\Local\Programs\Python\Python310\Scripts;C:\Users\carlos.moretti\AppData\Local\Programs\Python\Python310;C:\Users\carlos.moretti\AppData\Local\Programs\Azure Data Studio\bin;C:\Program Files\Azure Data Studio\bin;C:\Windows\System32\cmd.exe;C:\Users\carlos.moretti\openjdk-17.0.1_windows-x64_bin\jdk-17.0.1\bin;C:\Users\carlos.moretti\AppData\Roaming\npm;C:\WINDOWS\System32;
USERNAME=carlos.moretti
OS=Windows_NT
PROCESSOR_IDENTIFIER=Intel64 Family 6 Model 78 Stepping 3, GenuineIntel



---------------  S Y S T E M  ---------------

OS:
 Windows 10 , 64 bit Build 19041 (10.0.19041.3393)
OS uptime: 18 days 20:45 hours
Hyper-V role detected

CPU: total 4 (initial active 4) (2 cores per cpu, 2 threads per core) family 6 model 78 stepping 3 microcode 0xcc, cx8, cmov, fxsr, ht, mmx, 3dnowpref, sse, sse2, sse3, ssse3, sse4.1, sse4.2, popcnt, lzcnt, tsc, tscinvbit, avx, avx2, aes, erms, clmul, bmi1, bmi2, rtm, adx, fma, vzeroupper, clflush, clflushopt, hv

Memory: 4k page, system-wide physical 16264M (5300M free)
TotalPageFile size 21257M (AvailPageFile size 6665M)
current process WorkingSet (physical memory assigned to process): 419M, peak: 438M
current process commit charge ("private bytes"): 447M, peak: 503M

vm_info: OpenJDK 64-Bit Server VM (17.0.1+12-39) for windows-amd64 JRE (17.0.1+12-39), built on Sep 27 2021 18:39:29 by "mach5one" with MS VC++ 16.8 (VS2019)

END.
