#
# A fatal error has been detected by the Java Runtime Environment:
#
#  EXCEPTION_ACCESS_VIOLATION (0xc0000005) at pc=0x00007ffc5405bffa, pid=21160, tid=4724
#
# JRE version: OpenJDK Runtime Environment (17.0.1+12) (build 17.0.1+12-39)
# Java VM: OpenJDK 64-Bit Server VM (17.0.1+12-39, mixed mode, sharing, tiered, compressed oops, compressed class ptrs, g1 gc, windows-amd64)
# Problematic frame:
# V  [jvm.dll+0x73bffa]
#
# No core dump will be written. Minidumps are not enabled by default on client versions of Windows
#
# If you would like to submit a bug report, please visit:
#   https://bugreport.java.com/bugreport/crash.jsp
#

---------------  S U M M A R Y ------------

Command Line: -XX:+ShowCodeDetailsInExceptionMessages -agentlib:jdwp=transport=dt_socket,suspend=y,address=localhost:49395 -javaagent:C:\Users\carlos.moretti\eclipse\java-2023-06\eclipse\configuration\org.eclipse.osgi\248\0\.cp\lib\javaagent-shaded.jar -Dfile.encoding=UTF-8 com.br.anunciazo.application.Application

Host: Intel(R) Core(TM) i5-6300U CPU @ 2.40GHz, 4 cores, 15G,  Windows 10 , 64 bit Build 19041 (10.0.19041.3393)
Time: Tue Oct 10 12:54:18 2023 Hora oficial do Brasil elapsed time: 459.496375 seconds (0d 0h 7m 39s)

---------------  T H R E A D  ---------------

Current thread (0x000001ecd8682770):  JavaThread "JDWP Transport Listener: dt_socket" daemon [_thread_in_vm, id=4724, stack(0x000000cba0100000,0x000000cba0200000)]

Stack: [0x000000cba0100000,0x000000cba0200000],  sp=0x000000cba01ff370,  free space=1020k
Native frames: (J=compiled Java code, j=interpreted, Vv=VM code, C=native code)
V  [jvm.dll+0x73bffa]
V  [jvm.dll+0x50483c]
V  [jvm.dll+0x4d0154]
C  [jdwp.dll+0x22e9f]


siginfo: EXCEPTION_ACCESS_VIOLATION (0xc0000005), reading address 0x0000000000b50014


Register to memory mapping:

RIP=0x00007ffc5405bffa jvm.dll
RAX=0x00000000000000b4 is an unknown value
RBX=0x000001ecd7b19d77 points into unknown readable memory: 4c
RCX=0x0000000000b50010 is an unknown value
RDX=0x000001ecdd2519e0 points into unknown readable memory: 0x2f72622f6d6f634c | 4c 63 6f 6d 2f 62 72 2f
RSP=0x000000cba01ff370 is pointing into the stack for thread: 0x000001ecd8682770
RBP=0x000001ecd866f950 points into unknown readable memory: 0x0000000000000002 | 02 00 00 00 00 00 00 00
RSI=0x0 is NULL
RDI=0xffffffffffffffff is an unknown value
R8 =0x00000000000002c2 is an unknown value
R9 =0x0000000000000040 is an unknown value
R10=0x00000000000002c0 is an unknown value
R11=0x000000cba01ff390 is pointing into the stack for thread: 0x000001ecd8682770
R12=0x000000cba01ff4c8 is pointing into the stack for thread: 0x000001ecd8682770
R13=0x0 is NULL
R14=0x00000008015e77b8 is a pointer to class: 
com.br.anunciazo.application.controller.restrito.AnuncioController$1 {0x00000008015e77c0}
 - instance size:     3
 - klass size:        73
 - access:            synchronized 
 - state:             fully_initialized
 - name:              'com/br/anunciazo/application/controller/restrito/AnuncioController$1'
 - super:             'java/lang/Object'
 - sub:               
 - arrays:            NULL
 - methods:           Array<T>(0x000001ece548d830)
 - method ordering:   Array<T>(0x000001ece548dbc8)
 - default_methods:   Array<T>(0x000001ece548c890)
 - default vtable indices:   Array<T>(0x000001ece548c8a8)
 - local interfaces:  Array<T>(0x000001ece548c6b8)
 - trans. interfaces: Array<T>(0x000001ece548c868)
 - constants:         constant pool [190] {0x000001ece548ea70} for 'com/br/anunciazo/application/controller/restrito/AnuncioController$1' cache=0x000001ece548f130
 - class loader data:  loader data: 0x000001ece0ec9540 for instance a 'org/springframework/boot/devtools/restart/classloader/RestartClassLoader'{0x0000000702f75330}
 - source file:       'AnuncioController.java'
 - source debug extension:       SMAP
AnuncioController.java
Java
*S jdt
*F
1 AnuncioController.java
2 file:/C:/Users/carlos.moretti/Documents/Projetos%20Pessoais/backend/application/application/target/classes/
*L
*E

 - class annotations:       Array<T>(0x0000000000000000)
 - class type annotations:  Array<T>(0x0000000000000000)
 - field annotations:       Array<T>(0x0000000000000000)
 - field type annotations:  Array<T>(0x0000000000000000)
 - generic signature: '
[error occurred during error reporting (printing register info), id 0xc0000005, EXCEPTION_ACCESS_VIOLATION (0xc0000005) at pc=0x00007ffc5405cc06]

Registers:
RAX=0x00000000000000b4, RBX=0x000001ecd7b19d77, RCX=0x0000000000b50010, RDX=0x000001ecdd2519e0
RSP=0x000000cba01ff370, RBP=0x000001ecd866f950, RSI=0x0000000000000000, RDI=0xffffffffffffffff
R8 =0x00000000000002c2, R9 =0x0000000000000040, R10=0x00000000000002c0, R11=0x000000cba01ff390
R12=0x000000cba01ff4c8, R13=0x0000000000000000, R14=0x00000008015e77b8, R15=0x000000cba01ff4f0
RIP=0x00007ffc5405bffa, EFLAGS=0x0000000000010202

Top of Stack: (sp=0x000000cba01ff370)
0x000000cba01ff370:   0000000000000044 00000008015e77b8
0x000000cba01ff380:   000001ecdbd21560 00007ffcc45747b1
0x000000cba01ff390:   ffffffffffffffff 00007ffc53e2483c
0x000000cba01ff3a0:   000001ecd7b19d77 000001ecd7b19d30
0x000000cba01ff3b0:   000001ecd866f950 0000000000000000
0x000000cba01ff3c0:   000001ecd7b19cd0 00000000000003d8
0x000000cba01ff3d0:   000001ecd7b19ce0 000001ecd7b1a0b8
0x000000cba01ff3e0:   000000000001b901 000000cba01ff4c8
0x000000cba01ff3f0:   0000000000000007 000001ecd8682a18
0x000000cba01ff400:   00000007034b7858 00007ffc53df0154
0x000000cba01ff410:   000001ecd8682770 000000cba01ff4f0
0x000000cba01ff420:   000001ecb56f20f0 000000cba01ff4f0
0x000000cba01ff430:   000001ecd8682770 0000000000000000
0x000000cba01ff440:   0000000000000000 0000000000000000
0x000000cba01ff450:   000001ecd868a200 00007ffcb8222e9f
0x000000cba01ff460:   000000cba01ff4e8 00007ffcb8231830 

Instructions: (pc=0x00007ffc5405bffa)
0x00007ffc5405befa:   48 83 c4 20 5f e9 cc 86 96 ff cc cc cc cc cc cc
0x00007ffc5405bf0a:   cc cc cc cc cc cc 48 89 5c 24 08 57 48 83 ec 20
0x00007ffc5405bf1a:   83 fa 02 8d 42 06 b9 08 00 00 00 49 8b d8 0f 4e
0x00007ffc5405bf2a:   c1 48 63 c8 48 83 c1 07 83 e1 f8 48 63 f9 49 8b
0x00007ffc5405bf3a:   48 18 48 8b c7 48 f7 d0 48 3b c1 73 16 4c 8d 05
0x00007ffc5405bf4a:   5a 47 17 00 48 8b d7 48 8b cb e8 d7 e9 96 ff 48
0x00007ffc5405bf5a:   8b 4b 18 48 8d 04 39 48 3b 43 20 76 18 45 33 c0
0x00007ffc5405bf6a:   48 8b d7 48 8b cb 48 8b 5c 24 30 48 83 c4 20 5f
0x00007ffc5405bf7a:   e9 31 e6 96 ff 48 89 43 18 48 8b c1 48 8b 5c 24
0x00007ffc5405bf8a:   30 48 83 c4 20 5f c3 cc cc cc cc cc cc cc cc cc
0x00007ffc5405bf9a:   cc cc cc cc cc cc 4c 8b d2 4c 8b d9 45 85 c0 7e
0x00007ffc5405bfaa:   3c 44 0f b7 49 04 41 8d 40 ff 41 3b c1 44 0f 4c
0x00007ffc5405bfba:   c8 4d 63 c1 45 85 c9 7e 1f 48 8b c2 4c 2b da 49
0x00007ffc5405bfca:   8b d0 0f 1f 40 00 41 0f b6 4c 03 06 88 08 48 8d
0x00007ffc5405bfda:   40 01 48 83 ea 01 75 ee 43 c6 04 10 00 49 8b c2
0x00007ffc5405bfea:   c3 cc cc cc cc cc 48 89 5c 24 08 57 48 83 ec 20
0x00007ffc5405bffa:   0f b7 59 04 48 8b f9 33 d2 48 8d 4b 01 e8 14 9b
0x00007ffc5405c00a:   f8 ff 0f b7 57 04 4c 8b c0 3b da 0f 42 d3 44 8b
0x00007ffc5405c01a:   ca 85 d2 74 39 48 2b f8 0f 1f 40 00 66 66 0f 1f
0x00007ffc5405c02a:   84 00 00 00 00 00 0f b6 4c 07 06 88 08 48 ff c0
0x00007ffc5405c03a:   48 8b c8 49 2b c8 49 3b c9 7c eb 42 c6 04 02 00
0x00007ffc5405c04a:   49 8b c0 48 8b 5c 24 30 48 83 c4 20 5f c3 48 8b
0x00007ffc5405c05a:   5c 24 30 c6 04 02 00 48 83 c4 20 5f c3 cc cc cc
0x00007ffc5405c06a:   cc cc cc cc cc cc 4c 8b d1 45 85 c0 7e 6c 44 0f
0x00007ffc5405c07a:   b7 49 04 41 8d 40 ff 41 3b c1 44 0f 4c c8 4d 63
0x00007ffc5405c08a:   d9 45 85 c9 7e 22 48 8b ca 4c 2b d2 4d 8b c3 0f
0x00007ffc5405c09a:   1f 80 00 00 00 00 41 0f b6 44 0a 06 88 01 48 8d
0x00007ffc5405c0aa:   49 01 49 83 e8 01 75 ee 41 c6 04 13 00 48 c7 c0
0x00007ffc5405c0ba:   ff ff ff ff 66 90 48 ff c0 80 3c 02 00 75 f7 48
0x00007ffc5405c0ca:   63 c8 85 c0 48 8b c2 7e 14 80 38 2f 75 03 c6 00
0x00007ffc5405c0da:   2e 48 ff c0 48 83 e9 01 75 ef 48 8b c2 c3 cc cc
0x00007ffc5405c0ea:   cc cc cc cc cc cc 48 83 ec 28 e8 f7 fe ff ff 4c 


Stack slot to memory mapping:
stack at sp + 0 slots: 0x0000000000000044 is an unknown value
stack at sp + 1 slots: 0x00000008015e77b8 is a pointer to class: 
com.br.anunciazo.application.controller.restrito.AnuncioController$1 {0x00000008015e77c0}
 - instance size:     3
 - klass size:        73
 - access:            synchronized 
 - state:             fully_initialized
 - name:              'com/br/anunciazo/application/controller/restrito/AnuncioController$1'
 - super:             'java/lang/Object'
 - sub:               
 - arrays:            NULL
 - methods:           Array<T>(0x000001ece548d830)
 - method ordering:   Array<T>(0x000001ece548dbc8)
 - default_methods:   Array<T>(0x000001ece548c890)
 - default vtable indices:   Array<T>(0x000001ece548c8a8)
 - local interfaces:  Array<T>(0x000001ece548c6b8)
 - trans. interfaces: Array<T>(0x000001ece548c868)
 - constants:         constant pool [190] {0x000001ece548ea70} for 'com/br/anunciazo/application/controller/restrito/AnuncioController$1' cache=0x000001ece548f130
 - class loader data:  loader data: 0x000001ece0ec9540 for instance a 'org/springframework/boot/devtools/restart/classloader/RestartClassLoader'{0x0000000702f75330}
 - source file:       'AnuncioController.java'
 - source debug extension:       SMAP
AnuncioController.java
Java
*S jdt
*F
1 AnuncioController.java
2 file:/C:/Users/carlos.moretti/Documents/Projetos%20Pessoais/backend/application/application/target/classes/
*L
*E

 - class annotations:       Array<T>(0x0000000000000000)
 - class type annotations:  Array<T>(0x0000000000000000)
 - field annotations:       Array<T>(0x0000000000000000)
 - field type annotations:  Array<T>(0x0000000000000000)
 - generic signature: '
[error occurred during error reporting (inspecting top of stack), id 0xc0000005, EXCEPTION_ACCESS_VIOLATION (0xc0000005) at pc=0x00007ffc5405cc06]


---------------  P R O C E S S  ---------------

Threads class SMR info:
_java_thread_list=0x000001ecd9cdfbc0, length=34, elements={
0x000001ecd7aea7f0, 0x000001ecd7aec010, 0x000001ecd7afa940, 0x000001ecd7afc9b0,
0x000001ecd7afd270, 0x000001ecd7afea70, 0x000001ecd7b03300, 0x000001ecd7b03c00,
0x000001ecd7b17c10, 0x000001ecd85b72a0, 0x000001ecd8682770, 0x000001ecd8685620,
0x000001ecd8687e20, 0x000001ecd8e91b70, 0x000001ecdb50b5d0, 0x000001ecdde33d60,
0x000001ecda039520, 0x000001ecda038b80, 0x000001ecda034350, 0x000001ecda033e80,
0x000001ecda034820, 0x000001ecda0334e0, 0x000001ecda035690, 0x000001ecda037370,
0x000001ecda0386b0, 0x000001ecda032670, 0x000001ecda0399f0, 0x000001ecda037d10,
0x000001ecda032b40, 0x000001ecda033010, 0x000001ecda0369d0, 0x000001ecda0339b0,
0x000001ecda035b60, 0x000001ecda036030
}

Java Threads: ( => current thread )
  0x000001ecd7aea7f0 JavaThread "Reference Handler" daemon [_thread_blocked, id=18980, stack(0x000000cb9f700000,0x000000cb9f800000)]
  0x000001ecd7aec010 JavaThread "Finalizer" daemon [_thread_blocked, id=20036, stack(0x000000cb9f800000,0x000000cb9f900000)]
  0x000001ecd7afa940 JavaThread "Signal Dispatcher" daemon [_thread_blocked, id=612, stack(0x000000cb9f900000,0x000000cb9fa00000)]
  0x000001ecd7afc9b0 JavaThread "Attach Listener" daemon [_thread_blocked, id=21760, stack(0x000000cb9fa00000,0x000000cb9fb00000)]
  0x000001ecd7afd270 JavaThread "Service Thread" daemon [_thread_blocked, id=5744, stack(0x000000cb9fb00000,0x000000cb9fc00000)]
  0x000001ecd7afea70 JavaThread "Monitor Deflation Thread" daemon [_thread_blocked, id=21076, stack(0x000000cb9fc00000,0x000000cb9fd00000)]
  0x000001ecd7b03300 JavaThread "C2 CompilerThread0" daemon [_thread_blocked, id=10832, stack(0x000000cb9fd00000,0x000000cb9fe00000)]
  0x000001ecd7b03c00 JavaThread "C1 CompilerThread0" daemon [_thread_blocked, id=10968, stack(0x000000cb9fe00000,0x000000cb9ff00000)]
  0x000001ecd7b17c10 JavaThread "Sweeper thread" daemon [_thread_blocked, id=19376, stack(0x000000cb9ff00000,0x000000cba0000000)]
  0x000001ecd85b72a0 JavaThread "Common-Cleaner" daemon [_thread_blocked, id=5012, stack(0x000000cba0000000,0x000000cba0100000)]
=>0x000001ecd8682770 JavaThread "JDWP Transport Listener: dt_socket" daemon [_thread_in_vm, id=4724, stack(0x000000cba0100000,0x000000cba0200000)]
  0x000001ecd8685620 JavaThread "JDWP Event Helper Thread" daemon [_thread_blocked, id=21212, stack(0x000000cba0200000,0x000000cba0300000)]
  0x000001ecd8687e20 JavaThread "JDWP Command Reader" daemon [_thread_in_native, id=17004, stack(0x000000cba0300000,0x000000cba0400000)]
  0x000001ecd8e91b70 JavaThread "Notification Thread" daemon [_thread_blocked, id=18216, stack(0x000000cba0500000,0x000000cba0600000)]
  0x000001ecdb50b5d0 JavaThread "Live Reload Server" daemon [_thread_in_native, id=22180, stack(0x000000cba1500000,0x000000cba1600000)]
  0x000001ecdde33d60 JavaThread "DestroyJavaVM" [_thread_blocked, id=20676, stack(0x000000cb9f000000,0x000000cb9f100000)]
  0x000001ecda039520 JavaThread "Catalina-utility-1" [_thread_blocked, id=13752, stack(0x000000cba0b00000,0x000000cba0c00000)]
  0x000001ecda038b80 JavaThread "Catalina-utility-2" [_thread_blocked, id=14136, stack(0x000000cba0d00000,0x000000cba0e00000)]
  0x000001ecda034350 JavaThread "container-0" [_thread_blocked, id=11388, stack(0x000000cba0e00000,0x000000cba0f00000)]
  0x000001ecda033e80 JavaThread "mssql-jdbc-shared-timer-core-2" daemon [_thread_blocked, id=16764, stack(0x000000cba0f00000,0x000000cba1000000)]
  0x000001ecda034820 JavaThread "HikariPool-3 housekeeper" daemon [_thread_blocked, id=10716, stack(0x000000cba1100000,0x000000cba1200000)]
  0x000001ecda0334e0 JavaThread "File Watcher" daemon [_thread_blocked, id=21048, stack(0x000000cba1300000,0x000000cba1400000)]
  0x000001ecda035690 JavaThread "http-nio-8080-exec-1" daemon [_thread_blocked, id=11212, stack(0x000000cba1400000,0x000000cba1500000)]
  0x000001ecda037370 JavaThread "http-nio-8080-exec-2" daemon [_thread_blocked, id=11472, stack(0x000000cba1600000,0x000000cba1700000)]
  0x000001ecda0386b0 JavaThread "http-nio-8080-exec-3" daemon [_thread_blocked, id=9100, stack(0x000000cba1700000,0x000000cba1800000)]
  0x000001ecda032670 JavaThread "http-nio-8080-exec-4" daemon [_thread_blocked, id=15668, stack(0x000000cba1800000,0x000000cba1900000)]
  0x000001ecda0399f0 JavaThread "http-nio-8080-exec-5" daemon [_thread_blocked, id=19800, stack(0x000000cba1900000,0x000000cba1a00000)]
  0x000001ecda037d10 JavaThread "http-nio-8080-exec-6" daemon [_thread_blocked, id=11872, stack(0x000000cba1a00000,0x000000cba1b00000)]
  0x000001ecda032b40 JavaThread "http-nio-8080-exec-7" daemon [_thread_blocked, id=8032, stack(0x000000cba1b00000,0x000000cba1c00000)]
  0x000001ecda033010 JavaThread "http-nio-8080-exec-8" daemon [_thread_blocked, id=18996, stack(0x000000cba1c00000,0x000000cba1d00000)]
  0x000001ecda0369d0 JavaThread "http-nio-8080-exec-9" daemon [_thread_blocked, id=15172, stack(0x000000cba1d00000,0x000000cba1e00000)]
  0x000001ecda0339b0 JavaThread "http-nio-8080-exec-10" daemon [_thread_blocked, id=11980, stack(0x000000cba1e00000,0x000000cba1f00000)]
  0x000001ecda035b60 JavaThread "http-nio-8080-Poller" daemon [_thread_in_native, id=10628, stack(0x000000cba1f00000,0x000000cba2000000)]
  0x000001ecda036030 JavaThread "http-nio-8080-Acceptor" daemon [_thread_in_native, id=2628, stack(0x000000cba2000000,0x000000cba2100000)]

Other Threads:
  0x000001ecd7ae4d80 VMThread "VM Thread" [stack: 0x000000cb9f600000,0x000000cb9f700000] [id=14376]
  0x000001ecd8ce3860 WatcherThread [stack: 0x000000cba0600000,0x000000cba0700000] [id=7552]
  0x000001ecb5753400 GCTaskThread "GC Thread#0" [stack: 0x000000cb9f100000,0x000000cb9f200000] [id=12652]
  0x000001ecd8e968b0 GCTaskThread "GC Thread#1" [stack: 0x000000cba0700000,0x000000cba0800000] [id=22616]
  0x000001ecd9112e60 GCTaskThread "GC Thread#2" [stack: 0x000000cba0800000,0x000000cba0900000] [id=13548]
  0x000001ecd8ce3af0 GCTaskThread "GC Thread#3" [stack: 0x000000cba0900000,0x000000cba0a00000] [id=20804]
  0x000001ecb5764830 ConcurrentGCThread "G1 Main Marker" [stack: 0x000000cb9f200000,0x000000cb9f300000] [id=15844]
  0x000001ecb5765150 ConcurrentGCThread "G1 Conc#0" [stack: 0x000000cb9f300000,0x000000cb9f400000] [id=10504]
  0x000001ecb57c7830 ConcurrentGCThread "G1 Refine#0" [stack: 0x000000cb9f400000,0x000000cb9f500000] [id=2836]
  0x000001ecdbb685f0 ConcurrentGCThread "G1 Refine#1" [stack: 0x000000cba0c00000,0x000000cba0d00000] [id=1820]
  0x000001ecd79a2220 ConcurrentGCThread "G1 Service" [stack: 0x000000cb9f500000,0x000000cb9f600000] [id=8252]

Threads with active compile tasks:

VM state: not at safepoint (normal execution)

VM Mutex/Monitor currently owned by a thread: None

Heap address: 0x0000000701c00000, size: 4068 MB, Compressed Oops mode: Zero based, Oop shift amount: 3

CDS archive(s) mapped at: [0x0000000800000000-0x0000000800bc0000-0x0000000800bc0000), size 12320768, SharedBaseAddress: 0x0000000800000000, ArchiveRelocationMode: 0.
Compressed class space mapped at: 0x0000000800c00000-0x0000000840c00000, reserved size: 1073741824
Narrow klass base: 0x0000000800000000, Narrow klass shift: 0, Narrow klass range: 0x100000000

GC Precious Log:
 CPUs: 4 total, 4 available
 Memory: 16264M
 Large Page Support: Disabled
 NUMA Support: Disabled
 Compressed Oops: Enabled (Zero based)
 Heap Region Size: 2M
 Heap Min Capacity: 8M
 Heap Initial Capacity: 256M
 Heap Max Capacity: 4068M
 Pre-touch: Disabled
 Parallel Workers: 4
 Concurrent Workers: 1
 Concurrent Refinement Workers: 4
 Periodic GC: Disabled

Heap:
 garbage-first heap   total 303104K, used 183524K [0x0000000701c00000, 0x0000000800000000)
  region size 2048K, 76 young (155648K), 3 survivors (6144K)
 Metaspace       used 76930K, committed 77632K, reserved 1122304K
  class space    used 9818K, committed 10112K, reserved 1048576K

Heap Regions: E=young(eden), S=young(survivor), O=old, HS=humongous(starts), HC=humongous(continues), CS=collection set, F=free, OA=open archive, CA=closed archive, TAMS=top-at-mark-start (previous, next)
|   0|0x0000000701c00000, 0x0000000701dfffa0, 0x0000000701e00000| 99%| O|  |TAMS 0x0000000701dfffa0, 0x0000000701c00000| Untracked 
|   1|0x0000000701e00000, 0x0000000702000000, 0x0000000702000000|100%| O|  |TAMS 0x0000000702000000, 0x0000000701e00000| Untracked 
|   2|0x0000000702000000, 0x00000007021fffe8, 0x0000000702200000| 99%| O|  |TAMS 0x00000007021fffe8, 0x0000000702000000| Untracked 
|   3|0x0000000702200000, 0x00000007023ffff0, 0x0000000702400000| 99%| O|  |TAMS 0x00000007023ffff0, 0x0000000702200000| Untracked 
|   4|0x0000000702400000, 0x00000007025ffff8, 0x0000000702600000| 99%| O|  |TAMS 0x00000007025ffff8, 0x0000000702400000| Untracked 
|   5|0x0000000702600000, 0x00000007027f0980, 0x0000000702800000| 96%| O|  |TAMS 0x00000007027f0980, 0x0000000702600000| Untracked 
|   6|0x0000000702800000, 0x0000000702a00000, 0x0000000702a00000|100%| O|  |TAMS 0x0000000702a00000, 0x0000000702800000| Untracked 
|   7|0x0000000702a00000, 0x0000000702bfffd8, 0x0000000702c00000| 99%| O|  |TAMS 0x0000000702a00000, 0x0000000702a00000| Untracked 
|   8|0x0000000702c00000, 0x0000000702dffff8, 0x0000000702e00000| 99%| O|  |TAMS 0x0000000702dffff8, 0x0000000702c00000| Untracked 
|   9|0x0000000702e00000, 0x0000000702ffffd8, 0x0000000703000000| 99%| O|  |TAMS 0x0000000702e00000, 0x0000000702e00000| Untracked 
|  10|0x0000000703000000, 0x00000007031fffe8, 0x0000000703200000| 99%| O|  |TAMS 0x00000007031fffe8, 0x0000000703000000| Untracked 
|  11|0x0000000703200000, 0x00000007033ffff8, 0x0000000703400000| 99%| O|  |TAMS 0x0000000703200000, 0x0000000703200000| Untracked 
|  12|0x0000000703400000, 0x00000007034fc4a8, 0x0000000703600000| 49%| O|  |TAMS 0x0000000703400000, 0x0000000703400000| Untracked 
|  13|0x0000000703600000, 0x00000007037ffff0, 0x0000000703800000| 99%| O|  |TAMS 0x00000007037ffff0, 0x0000000703600000| Untracked 
|  14|0x0000000703800000, 0x00000007039fffc8, 0x0000000703a00000| 99%| O|  |TAMS 0x0000000703800000, 0x0000000703800000| Untracked 
|  15|0x0000000703a00000, 0x0000000703a958d0, 0x0000000703c00000| 29%| O|  |TAMS 0x0000000703a00000, 0x0000000703a00000| Untracked 
|  16|0x0000000703c00000, 0x0000000703c38080, 0x0000000703e00000| 10%| O|  |TAMS 0x0000000703c00000, 0x0000000703c00000| Untracked 
|  17|0x0000000703e00000, 0x0000000703e00000, 0x0000000704000000|  0%| F|  |TAMS 0x0000000703e00000, 0x0000000703e00000| Untracked 
|  18|0x0000000704000000, 0x0000000704000000, 0x0000000704200000|  0%| F|  |TAMS 0x0000000704000000, 0x0000000704000000| Untracked 
|  19|0x0000000704200000, 0x0000000704200000, 0x0000000704400000|  0%| F|  |TAMS 0x0000000704200000, 0x0000000704200000| Untracked 
|  20|0x0000000704400000, 0x0000000704400000, 0x0000000704600000|  0%| F|  |TAMS 0x0000000704400000, 0x0000000704400000| Untracked 
|  21|0x0000000704600000, 0x000000070477ed10, 0x0000000704800000| 74%| S|CS|TAMS 0x0000000704600000, 0x0000000704600000| Complete 
|  22|0x0000000704800000, 0x0000000704800000, 0x0000000704a00000|  0%| F|  |TAMS 0x0000000704800000, 0x0000000704800000| Untracked 
|  23|0x0000000704a00000, 0x0000000704a00000, 0x0000000704c00000|  0%| F|  |TAMS 0x0000000704a00000, 0x0000000704a00000| Untracked 
|  24|0x0000000704c00000, 0x0000000704e00000, 0x0000000704e00000|100%| S|CS|TAMS 0x0000000704c00000, 0x0000000704c00000| Complete 
|  25|0x0000000704e00000, 0x0000000705000000, 0x0000000705000000|100%| S|CS|TAMS 0x0000000704e00000, 0x0000000704e00000| Complete 
|  26|0x0000000705000000, 0x0000000705000000, 0x0000000705200000|  0%| F|  |TAMS 0x0000000705000000, 0x0000000705000000| Untracked 
|  27|0x0000000705200000, 0x0000000705200000, 0x0000000705400000|  0%| F|  |TAMS 0x0000000705200000, 0x0000000705200000| Untracked 
|  28|0x0000000705400000, 0x0000000705400000, 0x0000000705600000|  0%| F|  |TAMS 0x0000000705400000, 0x0000000705400000| Untracked 
|  29|0x0000000705600000, 0x0000000705600000, 0x0000000705800000|  0%| F|  |TAMS 0x0000000705600000, 0x0000000705600000| Untracked 
|  30|0x0000000705800000, 0x0000000705800000, 0x0000000705a00000|  0%| F|  |TAMS 0x0000000705800000, 0x0000000705800000| Untracked 
|  31|0x0000000705a00000, 0x0000000705a00000, 0x0000000705c00000|  0%| F|  |TAMS 0x0000000705a00000, 0x0000000705a00000| Untracked 
|  32|0x0000000705c00000, 0x0000000705c00000, 0x0000000705e00000|  0%| F|  |TAMS 0x0000000705c00000, 0x0000000705c00000| Untracked 
|  33|0x0000000705e00000, 0x0000000705e00000, 0x0000000706000000|  0%| F|  |TAMS 0x0000000705e00000, 0x0000000705e00000| Untracked 
|  34|0x0000000706000000, 0x0000000706000000, 0x0000000706200000|  0%| F|  |TAMS 0x0000000706000000, 0x0000000706000000| Untracked 
|  35|0x0000000706200000, 0x0000000706200000, 0x0000000706400000|  0%| F|  |TAMS 0x0000000706200000, 0x0000000706200000| Untracked 
|  36|0x0000000706400000, 0x0000000706400000, 0x0000000706600000|  0%| F|  |TAMS 0x0000000706400000, 0x0000000706400000| Untracked 
|  37|0x0000000706600000, 0x0000000706600000, 0x0000000706800000|  0%| F|  |TAMS 0x0000000706600000, 0x0000000706600000| Untracked 
|  38|0x0000000706800000, 0x0000000706800000, 0x0000000706a00000|  0%| F|  |TAMS 0x0000000706800000, 0x0000000706800000| Untracked 
|  39|0x0000000706a00000, 0x0000000706a00000, 0x0000000706c00000|  0%| F|  |TAMS 0x0000000706a00000, 0x0000000706a00000| Untracked 
|  40|0x0000000706c00000, 0x0000000706c00000, 0x0000000706e00000|  0%| F|  |TAMS 0x0000000706c00000, 0x0000000706c00000| Untracked 
|  41|0x0000000706e00000, 0x0000000706e00000, 0x0000000707000000|  0%| F|  |TAMS 0x0000000706e00000, 0x0000000706e00000| Untracked 
|  42|0x0000000707000000, 0x0000000707000000, 0x0000000707200000|  0%| F|  |TAMS 0x0000000707000000, 0x0000000707000000| Untracked 
|  43|0x0000000707200000, 0x0000000707200000, 0x0000000707400000|  0%| F|  |TAMS 0x0000000707200000, 0x0000000707200000| Untracked 
|  44|0x0000000707400000, 0x0000000707400000, 0x0000000707600000|  0%| F|  |TAMS 0x0000000707400000, 0x0000000707400000| Untracked 
|  45|0x0000000707600000, 0x0000000707600000, 0x0000000707800000|  0%| F|  |TAMS 0x0000000707600000, 0x0000000707600000| Untracked 
|  46|0x0000000707800000, 0x0000000707800000, 0x0000000707a00000|  0%| F|  |TAMS 0x0000000707800000, 0x0000000707800000| Untracked 
|  47|0x0000000707a00000, 0x0000000707a00000, 0x0000000707c00000|  0%| F|  |TAMS 0x0000000707a00000, 0x0000000707a00000| Untracked 
|  48|0x0000000707c00000, 0x0000000707c00000, 0x0000000707e00000|  0%| F|  |TAMS 0x0000000707c00000, 0x0000000707c00000| Untracked 
|  49|0x0000000707e00000, 0x0000000707e00000, 0x0000000708000000|  0%| F|  |TAMS 0x0000000707e00000, 0x0000000707e00000| Untracked 
|  50|0x0000000708000000, 0x0000000708000000, 0x0000000708200000|  0%| F|  |TAMS 0x0000000708000000, 0x0000000708000000| Untracked 
|  51|0x0000000708200000, 0x0000000708200000, 0x0000000708400000|  0%| F|  |TAMS 0x0000000708200000, 0x0000000708200000| Untracked 
|  52|0x0000000708400000, 0x0000000708400000, 0x0000000708600000|  0%| F|  |TAMS 0x0000000708400000, 0x0000000708400000| Untracked 
|  53|0x0000000708600000, 0x0000000708600000, 0x0000000708800000|  0%| F|  |TAMS 0x0000000708600000, 0x0000000708600000| Untracked 
|  54|0x0000000708800000, 0x0000000708800000, 0x0000000708a00000|  0%| F|  |TAMS 0x0000000708800000, 0x0000000708800000| Untracked 
|  55|0x0000000708a00000, 0x0000000708a00000, 0x0000000708c00000|  0%| F|  |TAMS 0x0000000708a00000, 0x0000000708a00000| Untracked 
|  56|0x0000000708c00000, 0x0000000708c00000, 0x0000000708e00000|  0%| F|  |TAMS 0x0000000708c00000, 0x0000000708c00000| Untracked 
|  57|0x0000000708e00000, 0x0000000708e00000, 0x0000000709000000|  0%| F|  |TAMS 0x0000000708e00000, 0x0000000708e00000| Untracked 
|  58|0x0000000709000000, 0x0000000709000000, 0x0000000709200000|  0%| F|  |TAMS 0x0000000709000000, 0x0000000709000000| Untracked 
|  59|0x0000000709200000, 0x0000000709200000, 0x0000000709400000|  0%| F|  |TAMS 0x0000000709200000, 0x0000000709200000| Untracked 
|  60|0x0000000709400000, 0x0000000709400000, 0x0000000709600000|  0%| F|  |TAMS 0x0000000709400000, 0x0000000709400000| Untracked 
|  61|0x0000000709600000, 0x0000000709600000, 0x0000000709800000|  0%| F|  |TAMS 0x0000000709600000, 0x0000000709600000| Untracked 
|  62|0x0000000709800000, 0x0000000709800000, 0x0000000709a00000|  0%| F|  |TAMS 0x0000000709800000, 0x0000000709800000| Untracked 
|  63|0x0000000709a00000, 0x0000000709a00000, 0x0000000709c00000|  0%| F|  |TAMS 0x0000000709a00000, 0x0000000709a00000| Untracked 
|  64|0x0000000709c00000, 0x0000000709c00000, 0x0000000709e00000|  0%| F|  |TAMS 0x0000000709c00000, 0x0000000709c00000| Untracked 
|  65|0x0000000709e00000, 0x0000000709e00000, 0x000000070a000000|  0%| F|  |TAMS 0x0000000709e00000, 0x0000000709e00000| Untracked 
|  66|0x000000070a000000, 0x000000070a000000, 0x000000070a200000|  0%| F|  |TAMS 0x000000070a000000, 0x000000070a000000| Untracked 
|  67|0x000000070a200000, 0x000000070a200000, 0x000000070a400000|  0%| F|  |TAMS 0x000000070a200000, 0x000000070a200000| Untracked 
|  68|0x000000070a400000, 0x000000070a400000, 0x000000070a600000|  0%| F|  |TAMS 0x000000070a400000, 0x000000070a400000| Untracked 
|  69|0x000000070a600000, 0x000000070a600000, 0x000000070a800000|  0%| F|  |TAMS 0x000000070a600000, 0x000000070a600000| Untracked 
|  70|0x000000070a800000, 0x000000070a800000, 0x000000070aa00000|  0%| F|  |TAMS 0x000000070a800000, 0x000000070a800000| Untracked 
|  71|0x000000070aa00000, 0x000000070aa00000, 0x000000070ac00000|  0%| F|  |TAMS 0x000000070aa00000, 0x000000070aa00000| Untracked 
|  72|0x000000070ac00000, 0x000000070ac00000, 0x000000070ae00000|  0%| F|  |TAMS 0x000000070ac00000, 0x000000070ac00000| Untracked 
|  73|0x000000070ae00000, 0x000000070ae00000, 0x000000070b000000|  0%| F|  |TAMS 0x000000070ae00000, 0x000000070ae00000| Untracked 
|  74|0x000000070b000000, 0x000000070b000000, 0x000000070b200000|  0%| F|  |TAMS 0x000000070b000000, 0x000000070b000000| Untracked 
|  75|0x000000070b200000, 0x000000070b400000, 0x000000070b400000|100%| E|  |TAMS 0x000000070b200000, 0x000000070b200000| Complete 
|  76|0x000000070b400000, 0x000000070b600000, 0x000000070b600000|100%| E|CS|TAMS 0x000000070b400000, 0x000000070b400000| Complete 
|  77|0x000000070b600000, 0x000000070b800000, 0x000000070b800000|100%| E|CS|TAMS 0x000000070b600000, 0x000000070b600000| Complete 
|  78|0x000000070b800000, 0x000000070ba00000, 0x000000070ba00000|100%| E|CS|TAMS 0x000000070b800000, 0x000000070b800000| Complete 
|  79|0x000000070ba00000, 0x000000070bc00000, 0x000000070bc00000|100%| E|CS|TAMS 0x000000070ba00000, 0x000000070ba00000| Complete 
|  80|0x000000070bc00000, 0x000000070be00000, 0x000000070be00000|100%| E|CS|TAMS 0x000000070bc00000, 0x000000070bc00000| Complete 
|  81|0x000000070be00000, 0x000000070c000000, 0x000000070c000000|100%| E|CS|TAMS 0x000000070be00000, 0x000000070be00000| Complete 
|  82|0x000000070c000000, 0x000000070c200000, 0x000000070c200000|100%| E|CS|TAMS 0x000000070c000000, 0x000000070c000000| Complete 
|  83|0x000000070c200000, 0x000000070c400000, 0x000000070c400000|100%| E|CS|TAMS 0x000000070c200000, 0x000000070c200000| Complete 
|  84|0x000000070c400000, 0x000000070c600000, 0x000000070c600000|100%| E|CS|TAMS 0x000000070c400000, 0x000000070c400000| Complete 
|  85|0x000000070c600000, 0x000000070c800000, 0x000000070c800000|100%| E|CS|TAMS 0x000000070c600000, 0x000000070c600000| Complete 
|  86|0x000000070c800000, 0x000000070ca00000, 0x000000070ca00000|100%| E|CS|TAMS 0x000000070c800000, 0x000000070c800000| Complete 
|  87|0x000000070ca00000, 0x000000070cc00000, 0x000000070cc00000|100%| E|CS|TAMS 0x000000070ca00000, 0x000000070ca00000| Complete 
|  88|0x000000070cc00000, 0x000000070ce00000, 0x000000070ce00000|100%| E|CS|TAMS 0x000000070cc00000, 0x000000070cc00000| Complete 
|  89|0x000000070ce00000, 0x000000070d000000, 0x000000070d000000|100%| E|CS|TAMS 0x000000070ce00000, 0x000000070ce00000| Complete 
|  90|0x000000070d000000, 0x000000070d200000, 0x000000070d200000|100%| E|CS|TAMS 0x000000070d000000, 0x000000070d000000| Complete 
|  91|0x000000070d200000, 0x000000070d400000, 0x000000070d400000|100%| E|CS|TAMS 0x000000070d200000, 0x000000070d200000| Complete 
|  92|0x000000070d400000, 0x000000070d600000, 0x000000070d600000|100%| E|CS|TAMS 0x000000070d400000, 0x000000070d400000| Complete 
|  93|0x000000070d600000, 0x000000070d800000, 0x000000070d800000|100%| E|CS|TAMS 0x000000070d600000, 0x000000070d600000| Complete 
|  94|0x000000070d800000, 0x000000070da00000, 0x000000070da00000|100%| E|CS|TAMS 0x000000070d800000, 0x000000070d800000| Complete 
|  95|0x000000070da00000, 0x000000070dc00000, 0x000000070dc00000|100%| E|CS|TAMS 0x000000070da00000, 0x000000070da00000| Complete 
|  96|0x000000070dc00000, 0x000000070de00000, 0x000000070de00000|100%| E|CS|TAMS 0x000000070dc00000, 0x000000070dc00000| Complete 
|  97|0x000000070de00000, 0x000000070e000000, 0x000000070e000000|100%| E|CS|TAMS 0x000000070de00000, 0x000000070de00000| Complete 
|  98|0x000000070e000000, 0x000000070e200000, 0x000000070e200000|100%| E|CS|TAMS 0x000000070e000000, 0x000000070e000000| Complete 
|  99|0x000000070e200000, 0x000000070e400000, 0x000000070e400000|100%| E|CS|TAMS 0x000000070e200000, 0x000000070e200000| Complete 
| 100|0x000000070e400000, 0x000000070e600000, 0x000000070e600000|100%| E|CS|TAMS 0x000000070e400000, 0x000000070e400000| Complete 
| 101|0x000000070e600000, 0x000000070e800000, 0x000000070e800000|100%| E|CS|TAMS 0x000000070e600000, 0x000000070e600000| Complete 
| 102|0x000000070e800000, 0x000000070ea00000, 0x000000070ea00000|100%| E|CS|TAMS 0x000000070e800000, 0x000000070e800000| Complete 
| 103|0x000000070ea00000, 0x000000070ec00000, 0x000000070ec00000|100%| E|CS|TAMS 0x000000070ea00000, 0x000000070ea00000| Complete 
| 104|0x000000070ec00000, 0x000000070ee00000, 0x000000070ee00000|100%| E|CS|TAMS 0x000000070ec00000, 0x000000070ec00000| Complete 
| 105|0x000000070ee00000, 0x000000070f000000, 0x000000070f000000|100%| E|CS|TAMS 0x000000070ee00000, 0x000000070ee00000| Complete 
| 106|0x000000070f000000, 0x000000070f200000, 0x000000070f200000|100%| E|CS|TAMS 0x000000070f000000, 0x000000070f000000| Complete 
| 107|0x000000070f200000, 0x000000070f400000, 0x000000070f400000|100%| E|CS|TAMS 0x000000070f200000, 0x000000070f200000| Complete 
| 108|0x000000070f400000, 0x000000070f600000, 0x000000070f600000|100%| E|CS|TAMS 0x000000070f400000, 0x000000070f400000| Complete 
| 109|0x000000070f600000, 0x000000070f800000, 0x000000070f800000|100%| E|CS|TAMS 0x000000070f600000, 0x000000070f600000| Complete 
| 110|0x000000070f800000, 0x000000070fa00000, 0x000000070fa00000|100%| E|CS|TAMS 0x000000070f800000, 0x000000070f800000| Complete 
| 111|0x000000070fa00000, 0x000000070fc00000, 0x000000070fc00000|100%| E|CS|TAMS 0x000000070fa00000, 0x000000070fa00000| Complete 
| 112|0x000000070fc00000, 0x000000070fe00000, 0x000000070fe00000|100%| E|CS|TAMS 0x000000070fc00000, 0x000000070fc00000| Complete 
| 113|0x000000070fe00000, 0x0000000710000000, 0x0000000710000000|100%| E|CS|TAMS 0x000000070fe00000, 0x000000070fe00000| Complete 
| 114|0x0000000710000000, 0x0000000710200000, 0x0000000710200000|100%| E|CS|TAMS 0x0000000710000000, 0x0000000710000000| Complete 
| 115|0x0000000710200000, 0x0000000710400000, 0x0000000710400000|100%| E|CS|TAMS 0x0000000710200000, 0x0000000710200000| Complete 
| 116|0x0000000710400000, 0x0000000710600000, 0x0000000710600000|100%| E|CS|TAMS 0x0000000710400000, 0x0000000710400000| Complete 
| 117|0x0000000710600000, 0x0000000710800000, 0x0000000710800000|100%| E|CS|TAMS 0x0000000710600000, 0x0000000710600000| Complete 
| 118|0x0000000710800000, 0x0000000710a00000, 0x0000000710a00000|100%| E|CS|TAMS 0x0000000710800000, 0x0000000710800000| Complete 
| 119|0x0000000710a00000, 0x0000000710c00000, 0x0000000710c00000|100%| E|CS|TAMS 0x0000000710a00000, 0x0000000710a00000| Complete 
| 120|0x0000000710c00000, 0x0000000710e00000, 0x0000000710e00000|100%| E|CS|TAMS 0x0000000710c00000, 0x0000000710c00000| Complete 
| 121|0x0000000710e00000, 0x0000000711000000, 0x0000000711000000|100%| E|CS|TAMS 0x0000000710e00000, 0x0000000710e00000| Complete 
| 122|0x0000000711000000, 0x0000000711200000, 0x0000000711200000|100%| E|CS|TAMS 0x0000000711000000, 0x0000000711000000| Complete 
| 123|0x0000000711200000, 0x0000000711400000, 0x0000000711400000|100%| E|CS|TAMS 0x0000000711200000, 0x0000000711200000| Complete 
| 124|0x0000000711400000, 0x0000000711600000, 0x0000000711600000|100%| E|CS|TAMS 0x0000000711400000, 0x0000000711400000| Complete 
| 125|0x0000000711600000, 0x0000000711800000, 0x0000000711800000|100%| E|CS|TAMS 0x0000000711600000, 0x0000000711600000| Complete 
| 126|0x0000000711800000, 0x0000000711a00000, 0x0000000711a00000|100%| E|CS|TAMS 0x0000000711800000, 0x0000000711800000| Complete 
| 127|0x0000000711a00000, 0x0000000711c00000, 0x0000000711c00000|100%| E|CS|TAMS 0x0000000711a00000, 0x0000000711a00000| Complete 
| 128|0x0000000711c00000, 0x0000000711e00000, 0x0000000711e00000|100%| E|CS|TAMS 0x0000000711c00000, 0x0000000711c00000| Complete 
| 129|0x0000000711e00000, 0x0000000712000000, 0x0000000712000000|100%| E|CS|TAMS 0x0000000711e00000, 0x0000000711e00000| Complete 
| 130|0x0000000712000000, 0x0000000712200000, 0x0000000712200000|100%| E|CS|TAMS 0x0000000712000000, 0x0000000712000000| Complete 
| 131|0x0000000712200000, 0x0000000712400000, 0x0000000712400000|100%| E|CS|TAMS 0x0000000712200000, 0x0000000712200000| Complete 
| 132|0x0000000712400000, 0x0000000712600000, 0x0000000712600000|100%| E|CS|TAMS 0x0000000712400000, 0x0000000712400000| Complete 
| 133|0x0000000712600000, 0x0000000712800000, 0x0000000712800000|100%| E|CS|TAMS 0x0000000712600000, 0x0000000712600000| Complete 
| 134|0x0000000712800000, 0x0000000712a00000, 0x0000000712a00000|100%| E|CS|TAMS 0x0000000712800000, 0x0000000712800000| Complete 
| 135|0x0000000712a00000, 0x0000000712c00000, 0x0000000712c00000|100%| E|CS|TAMS 0x0000000712a00000, 0x0000000712a00000| Complete 
| 136|0x0000000712c00000, 0x0000000712e00000, 0x0000000712e00000|100%| E|CS|TAMS 0x0000000712c00000, 0x0000000712c00000| Complete 
| 137|0x0000000712e00000, 0x0000000713000000, 0x0000000713000000|100%| E|CS|TAMS 0x0000000712e00000, 0x0000000712e00000| Complete 
| 138|0x0000000713000000, 0x0000000713200000, 0x0000000713200000|100%| E|CS|TAMS 0x0000000713000000, 0x0000000713000000| Complete 
| 139|0x0000000713200000, 0x0000000713400000, 0x0000000713400000|100%| E|CS|TAMS 0x0000000713200000, 0x0000000713200000| Complete 
| 140|0x0000000713400000, 0x0000000713600000, 0x0000000713600000|100%| E|CS|TAMS 0x0000000713400000, 0x0000000713400000| Complete 
| 141|0x0000000713600000, 0x0000000713800000, 0x0000000713800000|100%| E|CS|TAMS 0x0000000713600000, 0x0000000713600000| Complete 
| 142|0x0000000713800000, 0x0000000713a00000, 0x0000000713a00000|100%| E|CS|TAMS 0x0000000713800000, 0x0000000713800000| Complete 
| 143|0x0000000713a00000, 0x0000000713c00000, 0x0000000713c00000|100%| E|CS|TAMS 0x0000000713a00000, 0x0000000713a00000| Complete 
| 144|0x0000000713c00000, 0x0000000713e00000, 0x0000000713e00000|100%| E|CS|TAMS 0x0000000713c00000, 0x0000000713c00000| Complete 
| 145|0x0000000713e00000, 0x0000000714000000, 0x0000000714000000|100%| E|CS|TAMS 0x0000000713e00000, 0x0000000713e00000| Complete 
| 146|0x0000000714000000, 0x0000000714200000, 0x0000000714200000|100%| E|CS|TAMS 0x0000000714000000, 0x0000000714000000| Complete 
| 147|0x0000000714200000, 0x0000000714400000, 0x0000000714400000|100%| E|CS|TAMS 0x0000000714200000, 0x0000000714200000| Complete 

Card table byte_map: [0x000001eccc6f0000,0x000001ecccef0000] _byte_map_base: 0x000001ecc8ee2000

Marking Bits (Prev, Next): (CMBitMap*) 0x000001ecb5753960, (CMBitMap*) 0x000001ecb5753920
 Prev Bits: [0x000001ecd1680000, 0x000001ecd5610000)
 Next Bits: [0x000001eccd6f0000, 0x000001ecd1680000)

Polling page: 0x000001ecb36b0000

Metaspace:

Usage:
  Non-class:     65.54 MB used.
      Class:      9.59 MB used.
       Both:     75.13 MB used.

Virtual space:
  Non-class space:       72.00 MB reserved,      65.94 MB ( 92%) committed,  9 nodes.
      Class space:        1.00 GB reserved,       9.88 MB ( <1%) committed,  1 nodes.
             Both:        1.07 GB reserved,      75.81 MB (  7%) committed. 

Chunk freelists:
   Non-Class:  1.37 MB
       Class:  2.00 MB
        Both:  3.37 MB

MaxMetaspaceSize: unlimited
CompressedClassSpaceSize: 1.00 GB
Initial GC threshold: 21.00 MB
Current GC threshold: 124.31 MB
CDS: on
MetaspaceReclaimPolicy: balanced
 - commit_granule_bytes: 65536.
 - commit_granule_words: 8192.
 - virtual_space_node_default_size: 1048576.
 - enlarge_chunks_in_place: 1.
 - new_chunks_are_fully_committed: 0.
 - uncommit_free_chunks: 1.
 - use_allocation_guard: 0.
 - handle_deallocations: 1.


Internal statistics:

num_allocs_failed_limit: 9.
num_arena_births: 1024.
num_arena_deaths: 0.
num_vsnodes_births: 10.
num_vsnodes_deaths: 0.
num_space_committed: 1213.
num_space_uncommitted: 0.
num_chunks_returned_to_freelist: 9.
num_chunks_taken_from_freelist: 3838.
num_chunk_merges: 6.
num_chunk_splits: 2665.
num_chunks_enlarged: 1965.
num_purges: 4.
num_inconsistent_stats: 0.

CodeHeap 'non-profiled nmethods': size=120000Kb used=8901Kb max_used=8901Kb free=111098Kb
 bounds [0x000001ecc49c0000, 0x000001ecc5280000, 0x000001eccbef0000]
CodeHeap 'profiled nmethods': size=120000Kb used=21564Kb max_used=21564Kb free=98435Kb
 bounds [0x000001ecbd490000, 0x000001ecbe9b0000, 0x000001ecc49c0000]
CodeHeap 'non-nmethods': size=5760Kb used=1443Kb max_used=1593Kb free=4316Kb
 bounds [0x000001ecbcef0000, 0x000001ecbd160000, 0x000001ecbd490000]
 total_blobs=11596 nmethods=10887 adapters=620
 compilation: enabled
              stopped_count=0, restarted_count=0
 full_count=0

Compilation events (20 events):
Event: 439.948 Thread 0x000001ecd7b03c00 13095       3       org.apache.tomcat.util.http.parser.Host$MessageBytesReader::mark (9 bytes)
Event: 439.949 Thread 0x000001ecd7b03c00 nmethod 13095 0x000001ecbe9a0410 code [0x000001ecbe9a05a0, 0x000001ecbe9a06b8]
Event: 439.950 Thread 0x000001ecd7b03c00 13096       3       org.springframework.web.servlet.mvc.method.RequestMappingInfo::getActivePatternsCondition (32 bytes)
Event: 439.950 Thread 0x000001ecd7b03c00 nmethod 13096 0x000001ecbe9a0790 code [0x000001ecbe9a0940, 0x000001ecbe9a0bc8]
Event: 439.954 Thread 0x000001ecd7b03300 13097   !   4       java.net.URL::<init> (543 bytes)
Event: 439.965 Thread 0x000001ecd7b03c00 13099       1       org.hibernate.sql.ast.tree.from.TableGroupJoin::getJoinedGroup (5 bytes)
Event: 439.966 Thread 0x000001ecd7b03c00 nmethod 13099 0x000001ecc5268f90 code [0x000001ecc5269120, 0x000001ecc52691f8]
Event: 439.966 Thread 0x000001ecd7b03c00 13100       3       org.hibernate.type.AbstractStandardBasicType::getJavaType (10 bytes)
Event: 439.966 Thread 0x000001ecd7b03c00 nmethod 13100 0x000001ecbe9a0c90 code [0x000001ecbe9a0e40, 0x000001ecbe9a1298]
Event: 439.966 Thread 0x000001ecd7b03c00 13101       1       org.hibernate.metamodel.mapping.internal.ToOneAttributeMapping::getEntityMappingType (5 bytes)
Event: 439.967 Thread 0x000001ecd7b03c00 nmethod 13101 0x000001ecc5269290 code [0x000001ecc5269420, 0x000001ecc52694f8]
Event: 440.156 Thread 0x000001ecd7b03300 nmethod 13097 0x000001ecc5269590 code [0x000001ecc5269940, 0x000001ecc526e2b8]
Event: 440.157 Thread 0x000001ecd7b03300 13102       4       org.springframework.boot.actuate.metrics.data.DefaultRepositoryTagsProvider::and (11 bytes)
Event: 440.168 Thread 0x000001ecd7b03300 nmethod 13102 0x000001ecc5270410 code [0x000001ecc52705c0, 0x000001ecc5270b28]
Event: 440.168 Thread 0x000001ecd7b03300 13098       4       com.microsoft.sqlserver.jdbc.Encoding::checkSupported (62 bytes)
Event: 440.168 Thread 0x000001ecd7b03300 nmethod 13098 0x000001ecc5270e90 code [0x000001ecc5271000, 0x000001ecc5271098]
Event: 453.977 Thread 0x000001ecd7b03c00 13103       1       org.apache.catalina.core.ContainerBase::getBackgroundProcessorDelay (5 bytes)
Event: 453.977 Thread 0x000001ecd7b03c00 nmethod 13103 0x000001ecc5271190 code [0x000001ecc5271320, 0x000001ecc52713f8]
Event: 453.977 Thread 0x000001ecd7b03c00 13104       3       org.apache.catalina.valves.ValveBase::backgroundProcess (1 bytes)
Event: 453.978 Thread 0x000001ecd7b03c00 nmethod 13104 0x000001ecbe9a1410 code [0x000001ecbe9a15a0, 0x000001ecbe9a16b8]

GC Heap History (20 events):
Event: 220.293 GC heap before
{Heap before GC invocations=31 (full 1):
 garbage-first heap   total 102400K, used 77994K [0x0000000701c00000, 0x0000000800000000)
  region size 2048K, 26 young (53248K), 2 survivors (4096K)
 Metaspace       used 74267K, committed 74944K, reserved 1114112K
  class space    used 9722K, committed 10048K, reserved 1048576K
}
Event: 220.298 GC heap after
{Heap after GC invocations=32 (full 1):
 garbage-first heap   total 102400K, used 30786K [0x0000000701c00000, 0x0000000800000000)
  region size 2048K, 2 young (4096K), 2 survivors (4096K)
 Metaspace       used 74267K, committed 74944K, reserved 1114112K
  class space    used 9722K, committed 10048K, reserved 1048576K
}
Event: 220.370 GC heap before
{Heap before GC invocations=32 (full 1):
 garbage-first heap   total 102400K, used 79938K [0x0000000701c00000, 0x0000000800000000)
  region size 2048K, 27 young (55296K), 2 survivors (4096K)
 Metaspace       used 74288K, committed 74944K, reserved 1114112K
  class space    used 9723K, committed 10048K, reserved 1048576K
}
Event: 220.375 GC heap after
{Heap after GC invocations=33 (full 1):
 garbage-first heap   total 102400K, used 30710K [0x0000000701c00000, 0x0000000800000000)
  region size 2048K, 2 young (4096K), 2 survivors (4096K)
 Metaspace       used 74288K, committed 74944K, reserved 1114112K
  class space    used 9723K, committed 10048K, reserved 1048576K
}
Event: 221.109 GC heap before
{Heap before GC invocations=33 (full 1):
 garbage-first heap   total 102400K, used 81910K [0x0000000701c00000, 0x0000000800000000)
  region size 2048K, 27 young (55296K), 2 survivors (4096K)
 Metaspace       used 74754K, committed 75392K, reserved 1114112K
  class space    used 9744K, committed 10048K, reserved 1048576K
}
Event: 221.116 GC heap after
{Heap after GC invocations=34 (full 1):
 garbage-first heap   total 102400K, used 32508K [0x0000000701c00000, 0x0000000800000000)
  region size 2048K, 3 young (6144K), 3 survivors (6144K)
 Metaspace       used 74754K, committed 75392K, reserved 1114112K
  class space    used 9744K, committed 10048K, reserved 1048576K
}
Event: 222.852 GC heap before
{Heap before GC invocations=34 (full 1):
 garbage-first heap   total 102400K, used 81660K [0x0000000701c00000, 0x0000000800000000)
  region size 2048K, 27 young (55296K), 3 survivors (6144K)
 Metaspace       used 75215K, committed 75840K, reserved 1122304K
  class space    used 9746K, committed 10048K, reserved 1048576K
}
Event: 222.858 GC heap after
{Heap after GC invocations=35 (full 1):
 garbage-first heap   total 102400K, used 33082K [0x0000000701c00000, 0x0000000800000000)
  region size 2048K, 2 young (4096K), 2 survivors (4096K)
 Metaspace       used 75215K, committed 75840K, reserved 1122304K
  class space    used 9746K, committed 10048K, reserved 1048576K
}
Event: 224.086 GC heap before
{Heap before GC invocations=35 (full 1):
 garbage-first heap   total 102400K, used 82234K [0x0000000701c00000, 0x0000000800000000)
  region size 2048K, 26 young (53248K), 2 survivors (4096K)
 Metaspace       used 75431K, committed 76096K, reserved 1122304K
  class space    used 9747K, committed 10048K, reserved 1048576K
}
Event: 224.090 GC heap after
{Heap after GC invocations=36 (full 1):
 garbage-first heap   total 102400K, used 32859K [0x0000000701c00000, 0x0000000800000000)
  region size 2048K, 2 young (4096K), 2 survivors (4096K)
 Metaspace       used 75431K, committed 76096K, reserved 1122304K
  class space    used 9747K, committed 10048K, reserved 1048576K
}
Event: 252.025 GC heap before
{Heap before GC invocations=36 (full 1):
 garbage-first heap   total 102400K, used 57435K [0x0000000701c00000, 0x0000000800000000)
  region size 2048K, 15 young (30720K), 2 survivors (4096K)
 Metaspace       used 75661K, committed 76352K, reserved 1122304K
  class space    used 9759K, committed 10048K, reserved 1048576K
}
Event: 252.101 GC heap after
{Heap after GC invocations=37 (full 2):
 garbage-first heap   total 102400K, used 30441K [0x0000000701c00000, 0x0000000800000000)
  region size 2048K, 0 young (0K), 0 survivors (0K)
 Metaspace       used 75661K, committed 76352K, reserved 1122304K
  class space    used 9759K, committed 10048K, reserved 1048576K
}
Event: 253.451 GC heap before
{Heap before GC invocations=37 (full 2):
 garbage-first heap   total 102400K, used 81641K [0x0000000701c00000, 0x0000000800000000)
  region size 2048K, 26 young (53248K), 0 survivors (0K)
 Metaspace       used 75897K, committed 76608K, reserved 1122304K
  class space    used 9776K, committed 10112K, reserved 1048576K
}
Event: 253.456 GC heap after
{Heap after GC invocations=38 (full 2):
 garbage-first heap   total 102400K, used 34003K [0x0000000701c00000, 0x0000000800000000)
  region size 2048K, 2 young (4096K), 2 survivors (4096K)
 Metaspace       used 75897K, committed 76608K, reserved 1122304K
  class space    used 9776K, committed 10112K, reserved 1048576K
}
Event: 253.468 GC heap before
{Heap before GC invocations=38 (full 2):
 garbage-first heap   total 102400K, used 79059K [0x0000000701c00000, 0x0000000800000000)
  region size 2048K, 25 young (51200K), 2 survivors (4096K)
 Metaspace       used 75897K, committed 76608K, reserved 1122304K
  class space    used 9776K, committed 10112K, reserved 1048576K
}
Event: 253.473 GC heap after
{Heap after GC invocations=39 (full 2):
 garbage-first heap   total 102400K, used 34112K [0x0000000701c00000, 0x0000000800000000)
  region size 2048K, 2 young (4096K), 2 survivors (4096K)
 Metaspace       used 75897K, committed 76608K, reserved 1122304K
  class space    used 9776K, committed 10112K, reserved 1048576K
}
Event: 253.481 GC heap before
{Heap before GC invocations=39 (full 2):
 garbage-first heap   total 102400K, used 81216K [0x0000000701c00000, 0x0000000800000000)
  region size 2048K, 26 young (53248K), 2 survivors (4096K)
 Metaspace       used 75897K, committed 76608K, reserved 1122304K
  class space    used 9776K, committed 10112K, reserved 1048576K
}
Event: 253.486 GC heap after
{Heap after GC invocations=40 (full 2):
 garbage-first heap   total 102400K, used 34194K [0x0000000701c00000, 0x0000000800000000)
  region size 2048K, 2 young (4096K), 2 survivors (4096K)
 Metaspace       used 75897K, committed 76608K, reserved 1122304K
  class space    used 9776K, committed 10112K, reserved 1048576K
}
Event: 254.576 GC heap before
{Heap before GC invocations=40 (full 2):
 garbage-first heap   total 102400K, used 83346K [0x0000000701c00000, 0x0000000800000000)
  region size 2048K, 26 young (53248K), 2 survivors (4096K)
 Metaspace       used 76279K, committed 76928K, reserved 1122304K
  class space    used 9793K, committed 10112K, reserved 1048576K
}
Event: 254.583 GC heap after
{Heap after GC invocations=41 (full 2):
 garbage-first heap   total 303104K, used 36068K [0x0000000701c00000, 0x0000000800000000)
  region size 2048K, 3 young (6144K), 3 survivors (6144K)
 Metaspace       used 76279K, committed 76928K, reserved 1122304K
  class space    used 9793K, committed 10112K, reserved 1048576K
}

Deoptimization events (20 events):
Event: 433.543 Thread 0x000001ecda0399f0 DEOPT PACKING pc=0x000001ecc4bea2fc sp=0x000000cba19fa640
Event: 433.543 Thread 0x000001ecda0399f0 DEOPT UNPACKING pc=0x000001ecbcf42b43 sp=0x000000cba19f9900 mode 1
Event: 439.954 Thread 0x000001ecda0339b0 DEOPT PACKING pc=0x000001ecbd9de629 sp=0x000000cba1efc930
Event: 439.954 Thread 0x000001ecda0339b0 DEOPT UNPACKING pc=0x000001ecbcf42b43 sp=0x000000cba1efbe08 mode 1
Event: 439.954 Thread 0x000001ecda0339b0 DEOPT PACKING pc=0x000001ecbda5cd4c sp=0x000000cba1efc9c0
Event: 439.954 Thread 0x000001ecda0339b0 DEOPT UNPACKING pc=0x000001ecbcf42b43 sp=0x000000cba1efbf60 mode 1
Event: 439.954 Thread 0x000001ecda0339b0 DEOPT PACKING pc=0x000001ecbd9dbd2c sp=0x000000cba1efcb20
Event: 439.954 Thread 0x000001ecda0339b0 DEOPT UNPACKING pc=0x000001ecbcf42b43 sp=0x000000cba1efc0e0 mode 1
Event: 439.954 Thread 0x000001ecda0339b0 DEOPT PACKING pc=0x000001ecbd9de629 sp=0x000000cba1efc930
Event: 439.954 Thread 0x000001ecda0339b0 DEOPT UNPACKING pc=0x000001ecbcf42b43 sp=0x000000cba1efbe08 mode 1
Event: 439.954 Thread 0x000001ecda0339b0 DEOPT PACKING pc=0x000001ecbda5cd4c sp=0x000000cba1efc9c0
Event: 439.954 Thread 0x000001ecda0339b0 DEOPT UNPACKING pc=0x000001ecbcf42b43 sp=0x000000cba1efbf60 mode 1
Event: 439.954 Thread 0x000001ecda0339b0 DEOPT PACKING pc=0x000001ecbd9dbd2c sp=0x000000cba1efcb20
Event: 439.954 Thread 0x000001ecda0339b0 DEOPT UNPACKING pc=0x000001ecbcf42b43 sp=0x000000cba1efc0e0 mode 1
Event: 439.954 Thread 0x000001ecda0339b0 DEOPT PACKING pc=0x000001ecbd9de629 sp=0x000000cba1efc930
Event: 439.954 Thread 0x000001ecda0339b0 DEOPT UNPACKING pc=0x000001ecbcf42b43 sp=0x000000cba1efbe08 mode 1
Event: 439.954 Thread 0x000001ecda0339b0 DEOPT PACKING pc=0x000001ecbda5cd4c sp=0x000000cba1efc9c0
Event: 439.954 Thread 0x000001ecda0339b0 DEOPT UNPACKING pc=0x000001ecbcf42b43 sp=0x000000cba1efbf60 mode 1
Event: 439.954 Thread 0x000001ecda0339b0 DEOPT PACKING pc=0x000001ecbd9dbd2c sp=0x000000cba1efcb20
Event: 439.954 Thread 0x000001ecda0339b0 DEOPT UNPACKING pc=0x000001ecbcf42b43 sp=0x000000cba1efc0e0 mode 1

Classes unloaded (0 events):
No events

Classes redefined (6 events):
Event: 217.273 Thread 0x000001ecd7ae4d80 redefined class name=com.br.anunciazo.application.controller.restrito.AnuncioController$1, count=1
Event: 217.273 Thread 0x000001ecd7ae4d80 redefined class name=com.br.anunciazo.application.controller.restrito.AnuncioController, count=1
Event: 250.895 Thread 0x000001ecd7ae4d80 redefined class name=com.br.anunciazo.application.controller.restrito.AnuncioController$1, count=1
Event: 250.895 Thread 0x000001ecd7ae4d80 redefined class name=com.br.anunciazo.application.controller.restrito.AnuncioController, count=1
Event: 250.895 Thread 0x000001ecd7ae4d80 redefined class name=com.br.anunciazo.application.controller.restrito.AnuncioController$1, count=2
Event: 250.895 Thread 0x000001ecd7ae4d80 redefined class name=com.br.anunciazo.application.controller.restrito.AnuncioController, count=2

Internal exceptions (20 events):
Event: 252.887 Thread 0x000001ecda0321a0 Implicit null exception at 0x000001ecc5198658 to 0x000001ecc519a774
Event: 252.896 Thread 0x000001ecda0321a0 Implicit null exception at 0x000001ecc519f36f to 0x000001ecc519f434
Event: 253.240 Thread 0x000001ecda0321a0 Exception <a 'java/lang/NoClassDefFoundError'{0x0000000705ad3f48}: org/flywaydb/core/Flyway> (0x0000000705ad3f48) 
thrown [t:\workspace\open\src\hotspot\share\oops\constantPool.cpp, line 835]
Event: 253.242 Thread 0x000001ecda0321a0 Exception <a 'java/lang/NoClassDefFoundError'{0x0000000705ad4598}: liquibase/integration/spring/SpringLiquibase> (0x0000000705ad4598) 
thrown [t:\workspace\open\src\hotspot\share\oops\constantPool.cpp, line 835]
Event: 253.264 Thread 0x000001ecda0321a0 Exception <a 'java/lang/NoClassDefFoundError'{0x0000000705b3b280}: org/jooq/DSLContext> (0x0000000705b3b280) 
thrown [t:\workspace\open\src\hotspot\share\oops\constantPool.cpp, line 835]
Event: 253.268 Thread 0x000001ecda0321a0 Exception <a 'java/lang/NoClassDefFoundError'{0x0000000705b476d0}: org/springframework/batch/core/repository/JobRepository> (0x0000000705b476d0) 
thrown [t:\workspace\open\src\hotspot\share\oops\constantPool.cpp, line 835]
Event: 253.270 Thread 0x000001ecda0321a0 Exception <a 'java/lang/NoClassDefFoundError'{0x0000000705b47d18}: org/quartz/Scheduler> (0x0000000705b47d18) 
thrown [t:\workspace\open\src\hotspot\share\oops\constantPool.cpp, line 835]
Event: 253.273 Thread 0x000001ecda0321a0 Exception <a 'java/lang/NoClassDefFoundError'{0x0000000705b48388}: org/springframework/session/jdbc/JdbcIndexedSessionRepository> (0x0000000705b48388) 
thrown [t:\workspace\open\src\hotspot\share\oops\constantPool.cpp, line 835]
Event: 253.492 Thread 0x000001ecda0321a0 Exception <a 'sun/nio/fs/WindowsException'{0x0000000707ce7b70}> (0x0000000707ce7b70) 
thrown [t:\workspace\open\src\hotspot\share\prims\jni.cpp, line 516]
Event: 253.494 Thread 0x000001ecda0321a0 Exception <a 'sun/nio/fs/WindowsException'{0x0000000707ce8228}> (0x0000000707ce8228) 
thrown [t:\workspace\open\src\hotspot\share\prims\jni.cpp, line 516]
Event: 253.494 Thread 0x000001ecda0321a0 Exception <a 'sun/nio/fs/WindowsException'{0x0000000707ce8960}> (0x0000000707ce8960) 
thrown [t:\workspace\open\src\hotspot\share\prims\jni.cpp, line 516]
Event: 253.524 Thread 0x000001ecda0321a0 Exception <a 'java/io/FileNotFoundException'{0x0000000707d20530}> (0x0000000707d20530) 
thrown [t:\workspace\open\src\hotspot\share\prims\jni.cpp, line 516]
Event: 253.705 Thread 0x000001ecda0321a0 Exception <a 'java/io/FileNotFoundException'{0x00000007076308b0}> (0x00000007076308b0) 
thrown [t:\workspace\open\src\hotspot\share\prims\jni.cpp, line 516]
Event: 253.781 Thread 0x000001ecda0321a0 Exception <a 'sun/nio/fs/WindowsException'{0x00000007073eac00}> (0x00000007073eac00) 
thrown [t:\workspace\open\src\hotspot\share\prims\jni.cpp, line 516]
Event: 254.120 Thread 0x000001ecda0321a0 Implicit null exception at 0x000001ecc4e12d60 to 0x000001ecc4e14214
Event: 254.549 Thread 0x000001ecda0321a0 Exception <a 'java/lang/reflect/InvocationTargetException'{0x00000007055e2768}> (0x00000007055e2768) 
thrown [t:\workspace\open\src\hotspot\share\runtime\reflection.cpp, line 1121]
Event: 257.708 Thread 0x000001ecda0321a0 Exception <a 'sun/nio/fs/WindowsException'{0x000000070e3fc668}> (0x000000070e3fc668) 
thrown [t:\workspace\open\src\hotspot\share\prims\jni.cpp, line 516]
Event: 257.806 Thread 0x000001ecda0321a0 Exception <a 'java/lang/reflect/InvocationTargetException'{0x000000070d908ec0}> (0x000000070d908ec0) 
thrown [t:\workspace\open\src\hotspot\share\runtime\reflection.cpp, line 1121]
Event: 261.965 Thread 0x000001ecda035690 Implicit null exception at 0x000001ecc4ef6f4f to 0x000001ecc4ef73d0
Event: 307.909 Thread 0x000001ecda037370 Implicit null exception at 0x000001ecc51575cc to 0x000001ecc5157cd2

VM Operations (20 events):
Event: 459.245 Executing VM operation: ChangeBreakpoints
Event: 459.248 Executing VM operation: ChangeBreakpoints done
Event: 459.262 Executing VM operation: ChangeBreakpoints
Event: 459.265 Executing VM operation: ChangeBreakpoints done
Event: 459.266 Executing VM operation: ChangeBreakpoints
Event: 459.269 Executing VM operation: ChangeBreakpoints done
Event: 459.270 Executing VM operation: ChangeBreakpoints
Event: 459.273 Executing VM operation: ChangeBreakpoints done
Event: 459.291 Executing VM operation: ChangeBreakpoints
Event: 459.293 Executing VM operation: ChangeBreakpoints done
Event: 459.295 Executing VM operation: ChangeBreakpoints
Event: 459.300 Executing VM operation: ChangeBreakpoints done
Event: 459.303 Executing VM operation: ChangeBreakpoints
Event: 459.306 Executing VM operation: ChangeBreakpoints done
Event: 459.328 Executing VM operation: ChangeBreakpoints
Event: 459.332 Executing VM operation: ChangeBreakpoints done
Event: 459.334 Executing VM operation: ChangeBreakpoints
Event: 459.338 Executing VM operation: ChangeBreakpoints done
Event: 459.340 Executing VM operation: ChangeBreakpoints
Event: 459.343 Executing VM operation: ChangeBreakpoints done

Events (20 events):
Event: 258.286 Thread 0x000001ecda035690 Thread added: 0x000001ecda035690
Event: 258.286 Thread 0x000001ecda037370 Thread added: 0x000001ecda037370
Event: 258.287 Thread 0x000001ecda0386b0 Thread added: 0x000001ecda0386b0
Event: 258.289 Thread 0x000001ecda032670 Thread added: 0x000001ecda032670
Event: 258.289 Thread 0x000001ecda0399f0 Thread added: 0x000001ecda0399f0
Event: 258.289 Thread 0x000001ecda037d10 Thread added: 0x000001ecda037d10
Event: 258.289 Thread 0x000001ecda032b40 Thread added: 0x000001ecda032b40
Event: 258.289 Thread 0x000001ecda033010 Thread added: 0x000001ecda033010
Event: 258.289 Thread 0x000001ecda0369d0 Thread added: 0x000001ecda0369d0
Event: 258.291 Thread 0x000001ecda0339b0 Thread added: 0x000001ecda0339b0
Event: 258.426 Thread 0x000001ecda035b60 Thread added: 0x000001ecda035b60
Event: 258.426 Thread 0x000001ecda036030 Thread added: 0x000001ecda036030
Event: 258.478 Thread 0x000001ecda0381e0 Thread exited: 0x000001ecda0381e0
Event: 258.479 Thread 0x000001ecda0321a0 Thread exited: 0x000001ecda0321a0
Event: 259.892 Thread 0x000001ecda039050 Thread exited: 0x000001ecda039050
Event: 261.562 Thread 0x000001ece17c76f0 Thread exited: 0x000001ece17c76f0
Event: 261.924 Thread 0x000001ece17c4960 Thread added: 0x000001ece17c4960
Event: 262.134 Thread 0x000001ece17c4960 Thread exited: 0x000001ece17c4960
Event: 309.727 loading class jdk/internal/access/JavaAWTAccess
Event: 309.727 loading class jdk/internal/access/JavaAWTAccess done


Dynamic libraries:
0x00007ff661ca0000 - 0x00007ff661cae000 	C:\Users\carlos.moretti\openjdk-17.0.1_windows-x64_bin\jdk-17.0.1\bin\javaw.exe
0x00007ffcc4550000 - 0x00007ffcc4748000 	C:\WINDOWS\SYSTEM32\ntdll.dll
0x00007ffcc2b00000 - 0x00007ffcc2bbd000 	C:\WINDOWS\System32\KERNEL32.DLL
0x00007ffcc2090000 - 0x00007ffcc2386000 	C:\WINDOWS\System32\KERNELBASE.dll
0x00007ffcc1c30000 - 0x00007ffcc1d30000 	C:\WINDOWS\System32\ucrtbase.dll
0x00007ffc8a880000 - 0x00007ffc8a898000 	C:\Users\carlos.moretti\openjdk-17.0.1_windows-x64_bin\jdk-17.0.1\bin\jli.dll
0x00007ffcb8830000 - 0x00007ffcb884a000 	C:\Users\carlos.moretti\openjdk-17.0.1_windows-x64_bin\jdk-17.0.1\bin\VCRUNTIME140.dll
0x00007ffcc3db0000 - 0x00007ffcc3f4e000 	C:\WINDOWS\System32\USER32.dll
0x00007ffcc1d30000 - 0x00007ffcc1d52000 	C:\WINDOWS\System32\win32u.dll
0x00007ffcc2ad0000 - 0x00007ffcc2afc000 	C:\WINDOWS\System32\GDI32.dll
0x00007ffcc1f70000 - 0x00007ffcc208a000 	C:\WINDOWS\System32\gdi32full.dll
0x00007ffcc2390000 - 0x00007ffcc242d000 	C:\WINDOWS\System32\msvcp_win.dll
0x00007ffca68f0000 - 0x00007ffca6b8a000 	C:\WINDOWS\WinSxS\amd64_microsoft.windows.common-controls_6595b64144ccf1df_6.0.19041.1110_none_60b5254171f9507e\COMCTL32.dll
0x00007ffcc4080000 - 0x00007ffcc411e000 	C:\WINDOWS\System32\msvcrt.dll
0x00007ffcc3580000 - 0x00007ffcc35b0000 	C:\WINDOWS\System32\IMM32.DLL
0x00007ffcbb770000 - 0x00007ffcbb77c000 	C:\Users\carlos.moretti\openjdk-17.0.1_windows-x64_bin\jdk-17.0.1\bin\vcruntime140_1.dll
0x00007ffc86780000 - 0x00007ffc8680d000 	C:\Users\carlos.moretti\openjdk-17.0.1_windows-x64_bin\jdk-17.0.1\bin\msvcp140.dll
0x00007ffc53920000 - 0x00007ffc544de000 	C:\Users\carlos.moretti\openjdk-17.0.1_windows-x64_bin\jdk-17.0.1\bin\server\jvm.dll
0x00007ffcc41e0000 - 0x00007ffcc428e000 	C:\WINDOWS\System32\ADVAPI32.dll
0x00007ffcc34e0000 - 0x00007ffcc357c000 	C:\WINDOWS\System32\sechost.dll
0x00007ffcc35b0000 - 0x00007ffcc36d6000 	C:\WINDOWS\System32\RPCRT4.dll
0x00007ffcc3f50000 - 0x00007ffcc3f58000 	C:\WINDOWS\System32\PSAPI.DLL
0x00007ffca1c30000 - 0x00007ffca1c39000 	C:\WINDOWS\SYSTEM32\WSOCK32.dll
0x00007ffcc3cc0000 - 0x00007ffcc3d2b000 	C:\WINDOWS\System32\WS2_32.dll
0x00007ffc97b70000 - 0x00007ffc97b97000 	C:\WINDOWS\SYSTEM32\WINMM.dll
0x00007ffcb6830000 - 0x00007ffcb683a000 	C:\WINDOWS\SYSTEM32\VERSION.dll
0x00007ffcc04e0000 - 0x00007ffcc04f2000 	C:\WINDOWS\SYSTEM32\kernel.appcore.dll
0x00007ffcb3a10000 - 0x00007ffcb3a1a000 	C:\Users\carlos.moretti\openjdk-17.0.1_windows-x64_bin\jdk-17.0.1\bin\jimage.dll
0x00007ffcbb9f0000 - 0x00007ffcbbbd4000 	C:\WINDOWS\SYSTEM32\DBGHELP.DLL
0x00007ffc979b0000 - 0x00007ffc979e4000 	C:\WINDOWS\SYSTEM32\dbgcore.DLL
0x00007ffcc24d0000 - 0x00007ffcc2552000 	C:\WINDOWS\System32\bcryptPrimitives.dll
0x00007ffcb8200000 - 0x00007ffcb823b000 	C:\Users\carlos.moretti\openjdk-17.0.1_windows-x64_bin\jdk-17.0.1\bin\jdwp.dll
0x00007ffcaa9f0000 - 0x00007ffcaa9fe000 	C:\Users\carlos.moretti\openjdk-17.0.1_windows-x64_bin\jdk-17.0.1\bin\instrument.dll
0x00007ffc8a850000 - 0x00007ffc8a875000 	C:\Users\carlos.moretti\openjdk-17.0.1_windows-x64_bin\jdk-17.0.1\bin\java.dll
0x00007ffc8a770000 - 0x00007ffc8a846000 	C:\Users\carlos.moretti\openjdk-17.0.1_windows-x64_bin\jdk-17.0.1\bin\svml.dll
0x00007ffcc2be0000 - 0x00007ffcc3325000 	C:\WINDOWS\System32\SHELL32.dll
0x00007ffcbf450000 - 0x00007ffcbfbeb000 	C:\WINDOWS\SYSTEM32\windows.storage.dll
0x00007ffcc2770000 - 0x00007ffcc2ac4000 	C:\WINDOWS\System32\combase.dll
0x00007ffcc14c0000 - 0x00007ffcc14ee000 	C:\WINDOWS\SYSTEM32\Wldp.dll
0x00007ffcc4130000 - 0x00007ffcc41dd000 	C:\WINDOWS\System32\SHCORE.dll
0x00007ffcc4290000 - 0x00007ffcc42e5000 	C:\WINDOWS\System32\shlwapi.dll
0x00007ffcc1b60000 - 0x00007ffcc1b85000 	C:\WINDOWS\SYSTEM32\profapi.dll
0x00007ffcb7900000 - 0x00007ffcb790c000 	C:\Users\carlos.moretti\openjdk-17.0.1_windows-x64_bin\jdk-17.0.1\bin\dt_socket.dll
0x00007ffcc0fb0000 - 0x00007ffcc0feb000 	C:\WINDOWS\SYSTEM32\IPHLPAPI.DLL
0x00007ffcc12a0000 - 0x00007ffcc130a000 	C:\WINDOWS\system32\mswsock.dll
0x00007ffcc0ff0000 - 0x00007ffcc10ba000 	C:\WINDOWS\SYSTEM32\DNSAPI.dll
0x00007ffcc42f0000 - 0x00007ffcc42f8000 	C:\WINDOWS\System32\NSI.dll
0x00007ffcaae80000 - 0x00007ffcaae8a000 	C:\Windows\System32\rasadhlp.dll
0x00007ffcb8870000 - 0x00007ffcb88f2000 	C:\WINDOWS\System32\fwpuclnt.dll
0x00007ffcc24a0000 - 0x00007ffcc24c7000 	C:\WINDOWS\System32\bcrypt.dll
0x00007ffc8a750000 - 0x00007ffc8a768000 	C:\Users\carlos.moretti\openjdk-17.0.1_windows-x64_bin\jdk-17.0.1\bin\zip.dll
0x00007ffc7e5c0000 - 0x00007ffc7e5d9000 	C:\Users\carlos.moretti\openjdk-17.0.1_windows-x64_bin\jdk-17.0.1\bin\net.dll
0x00007ffcb51b0000 - 0x00007ffcb52ba000 	C:\WINDOWS\SYSTEM32\WINHTTP.dll
0x00007ffc7bf50000 - 0x00007ffc7bf65000 	C:\Users\carlos.moretti\openjdk-17.0.1_windows-x64_bin\jdk-17.0.1\bin\nio.dll
0x00007ffcaa9e0000 - 0x00007ffcaa9f0000 	C:\Users\carlos.moretti\openjdk-17.0.1_windows-x64_bin\jdk-17.0.1\bin\verify.dll
0x00007ffcb78f0000 - 0x00007ffcb78f9000 	C:\Users\carlos.moretti\openjdk-17.0.1_windows-x64_bin\jdk-17.0.1\bin\management.dll
0x00007ffcb78e0000 - 0x00007ffcb78eb000 	C:\Users\carlos.moretti\openjdk-17.0.1_windows-x64_bin\jdk-17.0.1\bin\management_ext.dll
0x00007ffcc1560000 - 0x00007ffcc1578000 	C:\WINDOWS\SYSTEM32\CRYPTSP.dll
0x00007ffcc0bd0000 - 0x00007ffcc0c04000 	C:\WINDOWS\system32\rsaenh.dll
0x00007ffcc1b20000 - 0x00007ffcc1b4e000 	C:\WINDOWS\SYSTEM32\USERENV.dll
0x00007ffcc1430000 - 0x00007ffcc143c000 	C:\WINDOWS\SYSTEM32\CRYPTBASE.dll
0x00007ffcb81a0000 - 0x00007ffcb81b7000 	C:\WINDOWS\SYSTEM32\dhcpcsvc6.DLL
0x00007ffcb8180000 - 0x00007ffcb819d000 	C:\WINDOWS\SYSTEM32\dhcpcsvc.DLL
0x00007ffcb7610000 - 0x00007ffcb761e000 	C:\Users\carlos.moretti\openjdk-17.0.1_windows-x64_bin\jdk-17.0.1\bin\sunmscapi.dll
0x00007ffcc1e10000 - 0x00007ffcc1f6e000 	C:\WINDOWS\System32\CRYPT32.dll
0x00007ffcc16e0000 - 0x00007ffcc1708000 	C:\WINDOWS\SYSTEM32\ncrypt.dll
0x00007ffcc16a0000 - 0x00007ffcc16db000 	C:\WINDOWS\SYSTEM32\NTASN1.dll
0x00007ffc97650000 - 0x00007ffc97667000 	C:\WINDOWS\system32\napinsp.dll
0x00007ffc95f70000 - 0x00007ffc95f8b000 	C:\WINDOWS\system32\pnrpnsp.dll
0x00007ffcb8900000 - 0x00007ffcb8915000 	C:\WINDOWS\system32\wshbth.dll
0x00007ffcb9a20000 - 0x00007ffcb9a3d000 	C:\WINDOWS\system32\NLAapi.dll
0x00007ffc95f50000 - 0x00007ffc95f62000 	C:\WINDOWS\System32\winrnr.dll
0x00007ffcaaf40000 - 0x00007ffcaaf47000 	C:\WINDOWS\system32\wshunix.dll

dbghelp: loaded successfully - version: 4.0.5 - missing functions: none
symbol engine: initialized successfully - sym options: 0x614 - pdb path: .;C:\Users\carlos.moretti\openjdk-17.0.1_windows-x64_bin\jdk-17.0.1\bin;C:\WINDOWS\SYSTEM32;C:\WINDOWS\WinSxS\amd64_microsoft.windows.common-controls_6595b64144ccf1df_6.0.19041.1110_none_60b5254171f9507e;C:\Users\carlos.moretti\openjdk-17.0.1_windows-x64_bin\jdk-17.0.1\bin\server

VM Arguments:
jvm_args: -XX:+ShowCodeDetailsInExceptionMessages -agentlib:jdwp=transport=dt_socket,suspend=y,address=localhost:49395 -javaagent:C:\Users\carlos.moretti\eclipse\java-2023-06\eclipse\configuration\org.eclipse.osgi\248\0\.cp\lib\javaagent-shaded.jar -Dfile.encoding=UTF-8 
java_command: com.br.anunciazo.application.Application
java_class_path (initial): C:\Users\carlos.moretti\Documents\Projetos Pessoais\backend\application\application\target\classes;C:\Users\carlos.moretti\.m2\repository\org\springframework\boot\spring-boot-starter-actuator\3.1.4\spring-boot-starter-actuator-3.1.4.jar;C:\Users\carlos.moretti\.m2\repository\org\springframework\boot\spring-boot-starter\3.1.4\spring-boot-starter-3.1.4.jar;C:\Users\carlos.moretti\.m2\repository\org\springframework\boot\spring-boot-starter-logging\3.1.4\spring-boot-starter-logging-3.1.4.jar;C:\Users\carlos.moretti\.m2\repository\ch\qos\logback\logback-classic\1.4.11\logback-classic-1.4.11.jar;C:\Users\carlos.moretti\.m2\repository\ch\qos\logback\logback-core\1.4.11\logback-core-1.4.11.jar;C:\Users\carlos.moretti\.m2\repository\org\apache\logging\log4j\log4j-to-slf4j\2.20.0\log4j-to-slf4j-2.20.0.jar;C:\Users\carlos.moretti\.m2\repository\org\apache\logging\log4j\log4j-api\2.20.0\log4j-api-2.20.0.jar;C:\Users\carlos.moretti\.m2\repository\org\slf4j\jul-to-slf4j\2.0.9\jul-to-slf4j-2.0.9.jar;C:\Users\carlos.moretti\.m2\repository\jakarta\annotation\jakarta.annotation-api\2.1.1\jakarta.annotation-api-2.1.1.jar;C:\Users\carlos.moretti\.m2\repository\org\yaml\snakeyaml\1.33\snakeyaml-1.33.jar;C:\Users\carlos.moretti\.m2\repository\org\springframework\boot\spring-boot-actuator-autoconfigure\3.1.4\spring-boot-actuator-autoconfigure-3.1.4.jar;C:\Users\carlos.moretti\.m2\repository\org\springframework\boot\spring-boot-actuator\3.1.4\spring-boot-actuator-3.1.4.jar;C:\Users\carlos.moretti\.m2\repository\com\fasterxml\jackson\core\jackson-databind\2.15.2\jackson-databind-2.15.2.jar;C:\Users\carlos.moretti\.m2\repository\com\fasterxml\jackson\core\jackson-annotations\2.15.2\jackson-annotations-2.15.2.jar;C:\Users\carlos.moretti\.m2\repository\com\fasterxml\jackson\core\jackson-core\2.15.2\jackson-core-2.15.2.jar;C:\Users\carlos.moretti\.m2\repository\com\fasterxml\jackson\datatype\jackson-datatype-jsr310\2.15.2\jackson-datatype-jsr310-2.15.2.jar;C:\Users\
Launcher Type: SUN_STANDARD

[Global flags]
     intx CICompilerCount                          = 3                                         {product} {ergonomic}
     uint ConcGCThreads                            = 1                                         {product} {ergonomic}
     uint G1ConcRefinementThreads                  = 4                                         {product} {ergonomic}
   size_t G1HeapRegionSize                         = 2097152                                   {product} {ergonomic}
    uintx GCDrainStackTargetSize                   = 64                                        {product} {ergonomic}
   size_t InitialHeapSize                          = 268435456                                 {product} {ergonomic}
   size_t MarkStackSize                            = 4194304                                   {product} {ergonomic}
   size_t MaxHeapSize                              = 4265607168                                {product} {ergonomic}
   size_t MaxNewSize                               = 2558525440                                {product} {ergonomic}
   size_t MinHeapDeltaBytes                        = 2097152                                   {product} {ergonomic}
   size_t MinHeapSize                              = 8388608                                   {product} {ergonomic}
    uintx NonNMethodCodeHeapSize                   = 5832780                                {pd product} {ergonomic}
    uintx NonProfiledCodeHeapSize                  = 122912730                              {pd product} {ergonomic}
    uintx ProfiledCodeHeapSize                     = 122912730                              {pd product} {ergonomic}
    uintx ReservedCodeCacheSize                    = 251658240                              {pd product} {ergonomic}
     bool SegmentedCodeCache                       = true                                      {product} {ergonomic}
     bool ShowCodeDetailsInExceptionMessages       = true                                   {manageable} {command line}
   size_t SoftMaxHeapSize                          = 4265607168                             {manageable} {ergonomic}
     bool UseCompressedClassPointers               = true                           {product lp64_product} {ergonomic}
     bool UseCompressedOops                        = true                           {product lp64_product} {ergonomic}
     bool UseG1GC                                  = true                                      {product} {ergonomic}
     bool UseLargePagesIndividualAllocation        = false                                  {pd product} {ergonomic}

Logging:
Log output configuration:
 #0: stdout all=warning uptime,level,tags
 #1: stderr all=off uptime,level,tags

Environment Variables:
JAVA_HOME=C:\Users\carlos.moretti\openjdk-17.0.1_windows-x64_bin\jdk-17.0.1
CLASSPATH=C:\Users\carlos.moretti\openjdk-17.0.1_windows-x64_bin\jdk-17.0.1\bin
PATH=C:/Users/carlos.moretti/openjdk-17.0.1_windows-x64_bin/jdk-17.0.1/bin/server;C:/Users/carlos.moretti/openjdk-17.0.1_windows-x64_bin/jdk-17.0.1/bin;C:\WINDOWS\system32;C:\WINDOWS;C:\WINDOWS\System32\Wbem;C:\WINDOWS\System32\WindowsPowerShell\v1.0\;C:\WINDOWS\System32\OpenSSH\;C:\Program Files\PuTTY\;C:\Program Files\Git\cmd;C:\area_app\apps\apache-maven-3.8.4\bin;C:\Program Files\Microsoft SQL Server\Client SDK\ODBC\170\Tools\Binn\;C:\Program Files (x86)\Microsoft SQL Server\150\Tools\Binn\;C:\Program Files\Microsoft SQL Server\150\Tools\Binn\;C:\Program Files\Microsoft SQL Server\150\DTS\Binn\;C:\Program Files\Azure Data Studio\bin;C:\Program Files (x86)\Microsoft SQL Server\150\DTS\Binn\;C:\Program Files\Docker\Docker\resources\bin;C:\ProgramData\DockerDesktop\version-bin;C:\Program Files (x86)\GitExtensions\;C:\Program Files\dotnet\;C:\Program Files\nodejs\;C:\Users\carlos.moretti\AppData\Local\Microsoft\WindowsApps;C:\Users\carlos.moretti\AppData\Local\Programs\Microsoft VS Code\bin;C:\Users\carlos.moretti\AppData\Local\GitHubDesktop\bin;C:\Users\carlos.moretti\AppData\Local\Programs\Python\Python310\Scripts;C:\Users\carlos.moretti\AppData\Local\Programs\Python\Python310;C:\Users\carlos.moretti\AppData\Local\Programs\Azure Data Studio\bin;C:\Program Files\Azure Data Studio\bin;C:\Windows\System32\cmd.exe;C:\Users\carlos.moretti\openjdk-17.0.1_windows-x64_bin\jdk-17.0.1\bin;C:\Users\carlos.moretti\AppData\Roaming\npm;C:\WINDOWS\System32;
USERNAME=carlos.moretti
OS=Windows_NT
PROCESSOR_IDENTIFIER=Intel64 Family 6 Model 78 Stepping 3, GenuineIntel



---------------  S Y S T E M  ---------------

OS:
 Windows 10 , 64 bit Build 19041 (10.0.19041.3393)
OS uptime: 18 days 20:56 hours
Hyper-V role detected

CPU: total 4 (initial active 4) (2 cores per cpu, 2 threads per core) family 6 model 78 stepping 3 microcode 0xcc, cx8, cmov, fxsr, ht, mmx, 3dnowpref, sse, sse2, sse3, ssse3, sse4.1, sse4.2, popcnt, lzcnt, tsc, tscinvbit, avx, avx2, aes, erms, clmul, bmi1, bmi2, rtm, adx, fma, vzeroupper, clflush, clflushopt, hv

Memory: 4k page, system-wide physical 16264M (5394M free)
TotalPageFile size 21257M (AvailPageFile size 6586M)
current process WorkingSet (physical memory assigned to process): 478M, peak: 482M
current process commit charge ("private bytes"): 572M, peak: 596M

vm_info: OpenJDK 64-Bit Server VM (17.0.1+12-39) for windows-amd64 JRE (17.0.1+12-39), built on Sep 27 2021 18:39:29 by "mach5one" with MS VC++ 16.8 (VS2019)

END.
